{"/Users/ujjwal.tiwari/Desktop/LINGO_PLAY/lingoPlay/src/App.tsx": {"path":"/Users/ujjwal.tiwari/Desktop/LINGO_PLAY/lingoPlay/src/App.tsx","all":false,"statementMap":{"0":{"start":{"line":1,"column":0},"end":{"line":1,"column":52}},"1":{"start":{"line":2,"column":0},"end":{"line":2,"column":67}},"3":{"start":{"line":4,"column":0},"end":{"line":4,"column":94}},"4":{"start":{"line":5,"column":0},"end":{"line":5,"column":85}},"5":{"start":{"line":6,"column":0},"end":{"line":6,"column":100}},"6":{"start":{"line":7,"column":0},"end":{"line":7,"column":51}},"8":{"start":{"line":9,"column":0},"end":{"line":9,"column":38}},"10":{"start":{"line":11,"column":0},"end":{"line":11,"column":16}},"12":{"start":{"line":13,"column":0},"end":{"line":13,"column":61}},"19":{"start":{"line":20,"column":0},"end":{"line":20,"column":6}},"21":{"start":{"line":22,"column":0},"end":{"line":22,"column":77}},"22":{"start":{"line":23,"column":0},"end":{"line":23,"column":6}},"23":{"start":{"line":24,"column":0},"end":{"line":24,"column":4}},"24":{"start":{"line":25,"column":0},"end":{"line":25,"column":53}},"25":{"start":{"line":26,"column":0},"end":{"line":26,"column":62}},"27":{"start":{"line":28,"column":0},"end":{"line":28,"column":54}},"28":{"start":{"line":29,"column":0},"end":{"line":29,"column":55}},"35":{"start":{"line":36,"column":0},"end":{"line":36,"column":19}},"36":{"start":{"line":37,"column":0},"end":{"line":37,"column":33}},"37":{"start":{"line":38,"column":0},"end":{"line":38,"column":42}},"38":{"start":{"line":39,"column":0},"end":{"line":39,"column":53}},"39":{"start":{"line":40,"column":0},"end":{"line":40,"column":8}},"40":{"start":{"line":41,"column":0},"end":{"line":41,"column":42}},"41":{"start":{"line":42,"column":0},"end":{"line":42,"column":54}},"42":{"start":{"line":43,"column":0},"end":{"line":43,"column":54}},"43":{"start":{"line":44,"column":0},"end":{"line":44,"column":47}},"44":{"start":{"line":45,"column":0},"end":{"line":45,"column":33}},"45":{"start":{"line":46,"column":0},"end":{"line":46,"column":8}},"46":{"start":{"line":47,"column":0},"end":{"line":47,"column":39}},"47":{"start":{"line":48,"column":0},"end":{"line":48,"column":50}},"48":{"start":{"line":49,"column":0},"end":{"line":49,"column":8}},"49":{"start":{"line":50,"column":0},"end":{"line":50,"column":39}},"50":{"start":{"line":51,"column":0},"end":{"line":51,"column":51}},"51":{"start":{"line":52,"column":0},"end":{"line":52,"column":8}},"52":{"start":{"line":53,"column":0},"end":{"line":53,"column":26}},"53":{"start":{"line":54,"column":0},"end":{"line":54,"column":48}},"54":{"start":{"line":55,"column":0},"end":{"line":55,"column":33}},"55":{"start":{"line":56,"column":0},"end":{"line":56,"column":8}},"56":{"start":{"line":57,"column":0},"end":{"line":57,"column":7}},"58":{"start":{"line":59,"column":0},"end":{"line":59,"column":18}},"59":{"start":{"line":60,"column":0},"end":{"line":60,"column":39}},"60":{"start":{"line":61,"column":0},"end":{"line":61,"column":6}},"61":{"start":{"line":62,"column":0},"end":{"line":62,"column":9}},"68":{"start":{"line":69,"column":0},"end":{"line":69,"column":19}},"69":{"start":{"line":70,"column":0},"end":{"line":70,"column":31}},"70":{"start":{"line":71,"column":0},"end":{"line":71,"column":46}},"71":{"start":{"line":72,"column":0},"end":{"line":72,"column":11}},"72":{"start":{"line":73,"column":0},"end":{"line":73,"column":29}},"73":{"start":{"line":74,"column":0},"end":{"line":74,"column":23}},"74":{"start":{"line":75,"column":0},"end":{"line":75,"column":32}},"75":{"start":{"line":76,"column":0},"end":{"line":76,"column":71}},"76":{"start":{"line":77,"column":0},"end":{"line":77,"column":20}},"77":{"start":{"line":78,"column":0},"end":{"line":78,"column":44}},"78":{"start":{"line":79,"column":0},"end":{"line":79,"column":35}},"79":{"start":{"line":80,"column":0},"end":{"line":80,"column":10}},"80":{"start":{"line":81,"column":0},"end":{"line":81,"column":23}},"81":{"start":{"line":82,"column":0},"end":{"line":82,"column":68}},"82":{"start":{"line":83,"column":0},"end":{"line":83,"column":33}},"83":{"start":{"line":84,"column":0},"end":{"line":84,"column":7}},"84":{"start":{"line":85,"column":0},"end":{"line":85,"column":6}},"85":{"start":{"line":86,"column":0},"end":{"line":86,"column":12}},"86":{"start":{"line":87,"column":0},"end":{"line":87,"column":35}},"88":{"start":{"line":89,"column":0},"end":{"line":89,"column":43}},"92":{"start":{"line":93,"column":0},"end":{"line":93,"column":9}},"93":{"start":{"line":94,"column":0},"end":{"line":94,"column":36}},"94":{"start":{"line":95,"column":0},"end":{"line":95,"column":62}},"95":{"start":{"line":96,"column":0},"end":{"line":96,"column":4}},"97":{"start":{"line":98,"column":0},"end":{"line":98,"column":53}},"98":{"start":{"line":99,"column":0},"end":{"line":99,"column":46}},"99":{"start":{"line":100,"column":0},"end":{"line":100,"column":48}},"100":{"start":{"line":101,"column":0},"end":{"line":101,"column":45}},"101":{"start":{"line":102,"column":0},"end":{"line":102,"column":25}},"102":{"start":{"line":103,"column":0},"end":{"line":103,"column":21}},"103":{"start":{"line":104,"column":0},"end":{"line":104,"column":7}},"104":{"start":{"line":105,"column":0},"end":{"line":105,"column":4}},"106":{"start":{"line":107,"column":0},"end":{"line":107,"column":54}},"107":{"start":{"line":108,"column":0},"end":{"line":108,"column":46}},"108":{"start":{"line":109,"column":0},"end":{"line":109,"column":4}},"110":{"start":{"line":111,"column":0},"end":{"line":111,"column":10}},"111":{"start":{"line":112,"column":0},"end":{"line":112,"column":38}},"112":{"start":{"line":113,"column":0},"end":{"line":113,"column":62}},"113":{"start":{"line":114,"column":0},"end":{"line":114,"column":20}},"114":{"start":{"line":115,"column":0},"end":{"line":115,"column":30}},"115":{"start":{"line":116,"column":0},"end":{"line":116,"column":47}},"116":{"start":{"line":117,"column":0},"end":{"line":117,"column":69}},"117":{"start":{"line":118,"column":0},"end":{"line":118,"column":10}},"118":{"start":{"line":119,"column":0},"end":{"line":119,"column":12}},"120":{"start":{"line":121,"column":0},"end":{"line":121,"column":41}},"121":{"start":{"line":122,"column":0},"end":{"line":122,"column":76}},"122":{"start":{"line":123,"column":0},"end":{"line":123,"column":31}},"123":{"start":{"line":124,"column":0},"end":{"line":124,"column":48}},"124":{"start":{"line":125,"column":0},"end":{"line":125,"column":41}},"125":{"start":{"line":126,"column":0},"end":{"line":126,"column":29}},"126":{"start":{"line":127,"column":0},"end":{"line":127,"column":43}},"127":{"start":{"line":128,"column":0},"end":{"line":128,"column":64}},"128":{"start":{"line":129,"column":0},"end":{"line":129,"column":35}},"129":{"start":{"line":130,"column":0},"end":{"line":130,"column":12}},"130":{"start":{"line":131,"column":0},"end":{"line":131,"column":14}},"132":{"start":{"line":133,"column":0},"end":{"line":133,"column":73}},"133":{"start":{"line":134,"column":0},"end":{"line":134,"column":28}},"134":{"start":{"line":135,"column":0},"end":{"line":135,"column":48}},"135":{"start":{"line":136,"column":0},"end":{"line":136,"column":41}},"136":{"start":{"line":137,"column":0},"end":{"line":137,"column":51}},"137":{"start":{"line":138,"column":0},"end":{"line":138,"column":12}},"138":{"start":{"line":139,"column":0},"end":{"line":139,"column":14}},"140":{"start":{"line":141,"column":0},"end":{"line":141,"column":78}},"141":{"start":{"line":142,"column":0},"end":{"line":142,"column":76}},"142":{"start":{"line":143,"column":0},"end":{"line":143,"column":14}},"143":{"start":{"line":144,"column":0},"end":{"line":144,"column":12}},"144":{"start":{"line":145,"column":0},"end":{"line":145,"column":10}},"146":{"start":{"line":147,"column":0},"end":{"line":147,"column":1}},"148":{"start":{"line":149,"column":0},"end":{"line":149,"column":19}}},"s":{"0":1,"1":1,"3":1,"4":1,"5":1,"6":1,"8":1,"10":2,"12":2,"19":2,"21":2,"22":2,"23":2,"24":2,"25":2,"27":2,"28":2,"35":2,"36":1,"37":1,"38":0,"39":0,"40":1,"41":1,"42":1,"43":1,"44":1,"45":1,"46":1,"47":0,"48":0,"49":1,"50":0,"51":0,"52":1,"53":0,"54":0,"55":0,"56":1,"58":1,"59":1,"60":1,"61":2,"68":2,"69":1,"70":1,"71":0,"72":0,"73":0,"74":0,"75":0,"76":0,"77":0,"78":0,"79":0,"80":0,"81":0,"82":0,"83":0,"84":1,"85":1,"86":2,"88":2,"92":0,"93":0,"94":0,"95":0,"97":2,"98":0,"99":0,"100":0,"101":0,"102":0,"103":0,"104":0,"106":2,"107":0,"108":0,"110":2,"111":2,"112":2,"113":2,"114":2,"115":2,"116":2,"117":2,"118":2,"120":2,"121":2,"122":2,"123":2,"124":2,"125":2,"126":2,"127":2,"128":2,"129":2,"130":2,"132":2,"133":2,"134":2,"135":2,"136":2,"137":2,"138":2,"140":2,"141":2,"142":2,"143":2,"144":2,"146":2,"148":1},"branchMap":{"0":{"type":"branch","line":11,"loc":{"start":{"line":11,"column":0},"end":{"line":147,"column":1}},"locations":[{"start":{"line":11,"column":0},"end":{"line":147,"column":1}}]},"1":{"type":"branch","line":87,"loc":{"start":{"line":87,"column":6},"end":{"line":87,"column":32}},"locations":[{"start":{"line":87,"column":6},"end":{"line":87,"column":32}}]},"2":{"type":"branch","line":124,"loc":{"start":{"line":124,"column":21},"end":{"line":124,"column":48}},"locations":[{"start":{"line":124,"column":21},"end":{"line":124,"column":48}}]},"3":{"type":"branch","line":135,"loc":{"start":{"line":135,"column":21},"end":{"line":135,"column":48}},"locations":[{"start":{"line":135,"column":21},"end":{"line":135,"column":48}}]},"4":{"type":"branch","line":36,"loc":{"start":{"line":36,"column":12},"end":{"line":62,"column":5}},"locations":[{"start":{"line":36,"column":12},"end":{"line":62,"column":5}}]},"5":{"type":"branch","line":41,"loc":{"start":{"line":41,"column":31},"end":{"line":46,"column":8}},"locations":[{"start":{"line":41,"column":31},"end":{"line":46,"column":8}}]},"6":{"type":"branch","line":59,"loc":{"start":{"line":59,"column":11},"end":{"line":61,"column":6}},"locations":[{"start":{"line":59,"column":11},"end":{"line":61,"column":6}}]},"7":{"type":"branch","line":69,"loc":{"start":{"line":69,"column":12},"end":{"line":87,"column":5}},"locations":[{"start":{"line":69,"column":12},"end":{"line":87,"column":5}}]},"8":{"type":"branch","line":70,"loc":{"start":{"line":70,"column":18},"end":{"line":85,"column":6}},"locations":[{"start":{"line":70,"column":18},"end":{"line":85,"column":6}}]},"9":{"type":"branch","line":71,"loc":{"start":{"line":71,"column":11},"end":{"line":71,"column":39}},"locations":[{"start":{"line":71,"column":11},"end":{"line":71,"column":39}}]},"10":{"type":"branch","line":71,"loc":{"start":{"line":71,"column":39},"end":{"line":84,"column":7}},"locations":[{"start":{"line":71,"column":39},"end":{"line":84,"column":7}}]}},"b":{"0":[2],"1":[0],"2":[0],"3":[0],"4":[1],"5":[1],"6":[1],"7":[1],"8":[1],"9":[0],"10":[0]},"fnMap":{"0":{"name":"App","decl":{"start":{"line":11,"column":0},"end":{"line":147,"column":1}},"loc":{"start":{"line":11,"column":0},"end":{"line":147,"column":1}},"line":11},"1":{"name":"onTranscriptionProgress","decl":{"start":{"line":38,"column":31},"end":{"line":40,"column":8}},"loc":{"start":{"line":38,"column":31},"end":{"line":40,"column":8}},"line":38},"2":{"name":"onTranscriptionComplete","decl":{"start":{"line":41,"column":31},"end":{"line":46,"column":8}},"loc":{"start":{"line":41,"column":31},"end":{"line":46,"column":8}},"line":41},"3":{"name":"onGenerationProgress","decl":{"start":{"line":47,"column":28},"end":{"line":49,"column":8}},"loc":{"start":{"line":47,"column":28},"end":{"line":49,"column":8}},"line":47},"4":{"name":"onGenerationComplete","decl":{"start":{"line":50,"column":28},"end":{"line":52,"column":8}},"loc":{"start":{"line":50,"column":28},"end":{"line":52,"column":8}},"line":50},"5":{"name":"onError","decl":{"start":{"line":53,"column":15},"end":{"line":56,"column":8}},"loc":{"start":{"line":53,"column":15},"end":{"line":56,"column":8}},"line":53},"6":{"name":"start","decl":{"start":{"line":70,"column":18},"end":{"line":85,"column":6}},"loc":{"start":{"line":70,"column":18},"end":{"line":85,"column":6}},"line":70},"7":{"name":"handleVideoUploaded","decl":{"start":{"line":89,"column":30},"end":{"line":96,"column":4}},"loc":{"start":{"line":89,"column":30},"end":{"line":96,"column":4}},"line":89},"8":{"name":"handleNavigateToTime","decl":{"start":{"line":98,"column":31},"end":{"line":105,"column":4}},"loc":{"start":{"line":98,"column":31},"end":{"line":105,"column":4}},"line":98},"9":{"name":"handleVideoGenerated","decl":{"start":{"line":107,"column":31},"end":{"line":109,"column":4}},"loc":{"start":{"line":107,"column":31},"end":{"line":109,"column":4}},"line":107},"10":{"name":"onTimeUpdate","decl":{"start":{"line":117,"column":24},"end":{"line":117,"column":69}},"loc":{"start":{"line":117,"column":24},"end":{"line":117,"column":69}},"line":117},"11":{"name":"onStartTranscription","decl":{"start":{"line":128,"column":34},"end":{"line":128,"column":64}},"loc":{"start":{"line":128,"column":34},"end":{"line":128,"column":64}},"line":128}},"f":{"0":2,"1":0,"2":1,"3":0,"4":0,"5":0,"6":1,"7":0,"8":0,"9":0,"10":0,"11":0}}
,"/Users/ujjwal.tiwari/Desktop/LINGO_PLAY/lingoPlay/src/main.tsx": {"path":"/Users/ujjwal.tiwari/Desktop/LINGO_PLAY/lingoPlay/src/main.tsx","all":true,"statementMap":{"0":{"start":{"line":1,"column":0},"end":{"line":1,"column":34}},"1":{"start":{"line":2,"column":0},"end":{"line":2,"column":45}},"2":{"start":{"line":3,"column":0},"end":{"line":3,"column":20}},"3":{"start":{"line":4,"column":0},"end":{"line":4,"column":27}},"5":{"start":{"line":6,"column":0},"end":{"line":6,"column":52}},"6":{"start":{"line":7,"column":0},"end":{"line":7,"column":14}},"7":{"start":{"line":8,"column":0},"end":{"line":8,"column":11}},"8":{"start":{"line":9,"column":0},"end":{"line":9,"column":16}},"9":{"start":{"line":10,"column":0},"end":{"line":10,"column":1}}},"s":{"0":0,"1":0,"2":0,"3":0,"5":0,"6":0,"7":0,"8":0,"9":0},"branchMap":{"0":{"type":"branch","line":1,"loc":{"start":{"line":1,"column":229},"end":{"line":10,"column":1}},"locations":[{"start":{"line":1,"column":229},"end":{"line":10,"column":1}}]}},"b":{"0":[0]},"fnMap":{"0":{"name":"(empty-report)","decl":{"start":{"line":1,"column":229},"end":{"line":10,"column":1}},"loc":{"start":{"line":1,"column":229},"end":{"line":10,"column":1}},"line":1}},"f":{"0":0}}
,"/Users/ujjwal.tiwari/Desktop/LINGO_PLAY/lingoPlay/src/components/NavigationSection/NavigationSection.tsx": {"path":"/Users/ujjwal.tiwari/Desktop/LINGO_PLAY/lingoPlay/src/components/NavigationSection/NavigationSection.tsx","all":false,"statementMap":{"0":{"start":{"line":1,"column":0},"end":{"line":1,"column":33}},"12":{"start":{"line":13,"column":0},"end":{"line":13,"column":28}},"13":{"start":{"line":14,"column":0},"end":{"line":14,"column":10}},"14":{"start":{"line":15,"column":0},"end":{"line":15,"column":16}},"15":{"start":{"line":16,"column":0},"end":{"line":16,"column":19}},"16":{"start":{"line":17,"column":0},"end":{"line":17,"column":31}},"17":{"start":{"line":18,"column":0},"end":{"line":18,"column":73}},"18":{"start":{"line":19,"column":0},"end":{"line":19,"column":13}},"19":{"start":{"line":20,"column":0},"end":{"line":20,"column":4}},"20":{"start":{"line":21,"column":0},"end":{"line":21,"column":49}},"21":{"start":{"line":22,"column":0},"end":{"line":22,"column":53}},"22":{"start":{"line":23,"column":0},"end":{"line":23,"column":63}},"23":{"start":{"line":24,"column":0},"end":{"line":24,"column":52}},"25":{"start":{"line":26,"column":0},"end":{"line":26,"column":47}},"26":{"start":{"line":27,"column":0},"end":{"line":27,"column":42}},"27":{"start":{"line":28,"column":0},"end":{"line":28,"column":40}},"28":{"start":{"line":29,"column":0},"end":{"line":29,"column":62}},"29":{"start":{"line":30,"column":0},"end":{"line":30,"column":13}},"30":{"start":{"line":31,"column":0},"end":{"line":31,"column":5}},"32":{"start":{"line":33,"column":0},"end":{"line":33,"column":23}},"33":{"start":{"line":34,"column":0},"end":{"line":34,"column":9}},"34":{"start":{"line":35,"column":0},"end":{"line":35,"column":69}},"36":{"start":{"line":37,"column":0},"end":{"line":37,"column":29}},"37":{"start":{"line":38,"column":0},"end":{"line":38,"column":36}},"38":{"start":{"line":39,"column":0},"end":{"line":39,"column":59}},"39":{"start":{"line":40,"column":0},"end":{"line":40,"column":14}},"40":{"start":{"line":41,"column":0},"end":{"line":41,"column":59}},"41":{"start":{"line":42,"column":0},"end":{"line":42,"column":7}},"42":{"start":{"line":43,"column":0},"end":{"line":43,"column":21}},"43":{"start":{"line":44,"column":0},"end":{"line":44,"column":48}},"44":{"start":{"line":45,"column":0},"end":{"line":45,"column":22}},"45":{"start":{"line":46,"column":0},"end":{"line":46,"column":68}},"46":{"start":{"line":47,"column":0},"end":{"line":47,"column":8}},"47":{"start":{"line":48,"column":0},"end":{"line":48,"column":15}},"48":{"start":{"line":49,"column":0},"end":{"line":49,"column":26}},"49":{"start":{"line":50,"column":0},"end":{"line":50,"column":5}},"50":{"start":{"line":51,"column":0},"end":{"line":51,"column":4}},"57":{"start":{"line":58,"column":0},"end":{"line":58,"column":46}},"58":{"start":{"line":59,"column":0},"end":{"line":59,"column":30}},"59":{"start":{"line":60,"column":0},"end":{"line":60,"column":57}},"60":{"start":{"line":61,"column":0},"end":{"line":61,"column":13}},"61":{"start":{"line":62,"column":0},"end":{"line":62,"column":5}},"63":{"start":{"line":64,"column":0},"end":{"line":64,"column":19}},"64":{"start":{"line":65,"column":0},"end":{"line":65,"column":43}},"65":{"start":{"line":66,"column":0},"end":{"line":66,"column":13}},"66":{"start":{"line":67,"column":0},"end":{"line":67,"column":5}},"68":{"start":{"line":69,"column":0},"end":{"line":69,"column":32}},"69":{"start":{"line":70,"column":0},"end":{"line":70,"column":62}},"70":{"start":{"line":71,"column":0},"end":{"line":71,"column":13}},"71":{"start":{"line":72,"column":0},"end":{"line":72,"column":5}},"73":{"start":{"line":74,"column":0},"end":{"line":74,"column":23}},"74":{"start":{"line":75,"column":0},"end":{"line":75,"column":9}},"75":{"start":{"line":76,"column":0},"end":{"line":76,"column":57}},"76":{"start":{"line":77,"column":0},"end":{"line":77,"column":16}},"77":{"start":{"line":78,"column":0},"end":{"line":78,"column":26}},"78":{"start":{"line":79,"column":0},"end":{"line":79,"column":8}},"80":{"start":{"line":81,"column":0},"end":{"line":81,"column":29}},"81":{"start":{"line":82,"column":0},"end":{"line":82,"column":47}},"82":{"start":{"line":83,"column":0},"end":{"line":83,"column":24}},"83":{"start":{"line":84,"column":0},"end":{"line":84,"column":78}},"84":{"start":{"line":85,"column":0},"end":{"line":85,"column":10}},"85":{"start":{"line":86,"column":0},"end":{"line":86,"column":35}},"86":{"start":{"line":87,"column":0},"end":{"line":87,"column":26}},"87":{"start":{"line":88,"column":0},"end":{"line":88,"column":67}},"88":{"start":{"line":89,"column":0},"end":{"line":89,"column":12}},"89":{"start":{"line":90,"column":0},"end":{"line":90,"column":9}},"90":{"start":{"line":91,"column":0},"end":{"line":91,"column":14}},"91":{"start":{"line":92,"column":0},"end":{"line":92,"column":78}},"92":{"start":{"line":93,"column":0},"end":{"line":93,"column":7}},"93":{"start":{"line":94,"column":0},"end":{"line":94,"column":21}},"94":{"start":{"line":95,"column":0},"end":{"line":95,"column":51}},"95":{"start":{"line":96,"column":0},"end":{"line":96,"column":80}},"96":{"start":{"line":97,"column":0},"end":{"line":97,"column":15}},"97":{"start":{"line":98,"column":0},"end":{"line":98,"column":26}},"98":{"start":{"line":99,"column":0},"end":{"line":99,"column":5}},"99":{"start":{"line":100,"column":0},"end":{"line":100,"column":4}},"101":{"start":{"line":102,"column":0},"end":{"line":102,"column":60}},"102":{"start":{"line":103,"column":0},"end":{"line":103,"column":26}},"103":{"start":{"line":104,"column":0},"end":{"line":104,"column":24}},"104":{"start":{"line":105,"column":0},"end":{"line":105,"column":4}},"106":{"start":{"line":107,"column":0},"end":{"line":107,"column":29}},"107":{"start":{"line":108,"column":0},"end":{"line":108,"column":24}},"108":{"start":{"line":109,"column":0},"end":{"line":109,"column":4}},"110":{"start":{"line":111,"column":0},"end":{"line":111,"column":10}},"111":{"start":{"line":112,"column":0},"end":{"line":112,"column":38}},"112":{"start":{"line":113,"column":0},"end":{"line":113,"column":50}},"114":{"start":{"line":115,"column":0},"end":{"line":115,"column":43}},"115":{"start":{"line":116,"column":0},"end":{"line":116,"column":15}},"116":{"start":{"line":117,"column":0},"end":{"line":117,"column":45}},"117":{"start":{"line":118,"column":0},"end":{"line":118,"column":59}},"118":{"start":{"line":119,"column":0},"end":{"line":119,"column":13}},"119":{"start":{"line":120,"column":0},"end":{"line":120,"column":53}},"121":{"start":{"line":122,"column":0},"end":{"line":122,"column":78}},"122":{"start":{"line":123,"column":0},"end":{"line":123,"column":17}},"123":{"start":{"line":124,"column":0},"end":{"line":124,"column":15}},"124":{"start":{"line":125,"column":0},"end":{"line":125,"column":45}},"125":{"start":{"line":126,"column":0},"end":{"line":126,"column":58}},"126":{"start":{"line":127,"column":0},"end":{"line":127,"column":13}},"127":{"start":{"line":128,"column":0},"end":{"line":128,"column":52}},"129":{"start":{"line":130,"column":0},"end":{"line":130,"column":78}},"130":{"start":{"line":131,"column":0},"end":{"line":131,"column":17}},"131":{"start":{"line":132,"column":0},"end":{"line":132,"column":12}},"133":{"start":{"line":134,"column":0},"end":{"line":134,"column":48}},"134":{"start":{"line":135,"column":0},"end":{"line":135,"column":40}},"135":{"start":{"line":136,"column":0},"end":{"line":136,"column":52}},"136":{"start":{"line":137,"column":0},"end":{"line":137,"column":47}},"137":{"start":{"line":138,"column":0},"end":{"line":138,"column":80}},"138":{"start":{"line":139,"column":0},"end":{"line":139,"column":20}},"139":{"start":{"line":140,"column":0},"end":{"line":140,"column":29}},"140":{"start":{"line":141,"column":0},"end":{"line":141,"column":23}},"141":{"start":{"line":142,"column":0},"end":{"line":142,"column":26}},"142":{"start":{"line":143,"column":0},"end":{"line":143,"column":33}},"143":{"start":{"line":144,"column":0},"end":{"line":144,"column":62}},"144":{"start":{"line":145,"column":0},"end":{"line":145,"column":40}},"145":{"start":{"line":146,"column":0},"end":{"line":146,"column":40}},"146":{"start":{"line":147,"column":0},"end":{"line":147,"column":16}},"147":{"start":{"line":148,"column":0},"end":{"line":148,"column":18}},"148":{"start":{"line":149,"column":0},"end":{"line":149,"column":19}},"149":{"start":{"line":150,"column":0},"end":{"line":150,"column":47}},"150":{"start":{"line":151,"column":0},"end":{"line":151,"column":47}},"151":{"start":{"line":152,"column":0},"end":{"line":152,"column":48}},"153":{"start":{"line":154,"column":0},"end":{"line":154,"column":64}},"154":{"start":{"line":155,"column":0},"end":{"line":155,"column":21}},"155":{"start":{"line":156,"column":0},"end":{"line":156,"column":16}},"158":{"start":{"line":159,"column":0},"end":{"line":159,"column":39}},"159":{"start":{"line":160,"column":0},"end":{"line":160,"column":51}},"160":{"start":{"line":161,"column":0},"end":{"line":161,"column":47}},"161":{"start":{"line":162,"column":0},"end":{"line":162,"column":77}},"162":{"start":{"line":163,"column":0},"end":{"line":163,"column":20}},"163":{"start":{"line":164,"column":0},"end":{"line":164,"column":27}},"164":{"start":{"line":165,"column":0},"end":{"line":165,"column":35}},"165":{"start":{"line":166,"column":0},"end":{"line":166,"column":64}},"166":{"start":{"line":167,"column":0},"end":{"line":167,"column":53}},"167":{"start":{"line":168,"column":0},"end":{"line":168,"column":40}},"168":{"start":{"line":169,"column":0},"end":{"line":169,"column":34}},"169":{"start":{"line":170,"column":0},"end":{"line":170,"column":63}},"171":{"start":{"line":172,"column":0},"end":{"line":172,"column":16}},"172":{"start":{"line":173,"column":0},"end":{"line":173,"column":18}},"173":{"start":{"line":174,"column":0},"end":{"line":174,"column":19}},"174":{"start":{"line":175,"column":0},"end":{"line":175,"column":46}},"175":{"start":{"line":176,"column":0},"end":{"line":176,"column":47}},"176":{"start":{"line":177,"column":0},"end":{"line":177,"column":24}},"177":{"start":{"line":178,"column":0},"end":{"line":178,"column":73}},"180":{"start":{"line":181,"column":0},"end":{"line":181,"column":62}},"181":{"start":{"line":182,"column":0},"end":{"line":182,"column":21}},"182":{"start":{"line":183,"column":0},"end":{"line":183,"column":39}},"183":{"start":{"line":184,"column":0},"end":{"line":184,"column":41}},"185":{"start":{"line":186,"column":0},"end":{"line":186,"column":18}},"187":{"start":{"line":188,"column":0},"end":{"line":188,"column":16}},"189":{"start":{"line":190,"column":0},"end":{"line":190,"column":12}},"191":{"start":{"line":192,"column":0},"end":{"line":192,"column":24}},"192":{"start":{"line":193,"column":0},"end":{"line":193,"column":48}},"193":{"start":{"line":194,"column":0},"end":{"line":194,"column":61}},"194":{"start":{"line":195,"column":0},"end":{"line":195,"column":17}},"195":{"start":{"line":196,"column":0},"end":{"line":196,"column":33}},"196":{"start":{"line":197,"column":0},"end":{"line":197,"column":42}},"197":{"start":{"line":198,"column":0},"end":{"line":198,"column":37}},"199":{"start":{"line":200,"column":0},"end":{"line":200,"column":62}},"200":{"start":{"line":201,"column":0},"end":{"line":201,"column":19}},"201":{"start":{"line":202,"column":0},"end":{"line":202,"column":14}},"203":{"start":{"line":204,"column":0},"end":{"line":204,"column":10}},"205":{"start":{"line":206,"column":0},"end":{"line":206,"column":2}}},"s":{"0":1,"12":1,"13":15,"14":15,"15":15,"16":15,"17":15,"18":15,"19":15,"20":15,"21":15,"22":15,"23":15,"25":15,"26":1,"27":1,"28":0,"29":0,"30":0,"32":1,"33":1,"34":1,"36":1,"37":1,"38":1,"39":1,"40":0,"41":0,"42":1,"43":0,"44":0,"45":0,"46":0,"47":1,"48":1,"49":1,"50":1,"57":15,"58":2,"59":0,"60":0,"61":0,"63":2,"64":1,"65":1,"66":1,"68":2,"69":0,"70":0,"71":0,"73":1,"74":1,"75":1,"76":1,"77":1,"78":1,"80":1,"81":1,"82":1,"83":1,"84":1,"85":1,"86":1,"87":1,"88":1,"89":1,"90":2,"91":0,"92":0,"93":2,"94":0,"95":0,"96":2,"97":1,"98":1,"99":2,"101":15,"102":3,"103":3,"104":3,"106":15,"107":0,"108":0,"110":15,"111":15,"112":15,"114":15,"115":15,"116":15,"117":15,"118":15,"119":15,"121":15,"122":15,"123":15,"124":15,"125":15,"126":15,"127":15,"129":15,"130":15,"131":15,"133":15,"134":15,"135":8,"136":8,"137":8,"138":8,"139":8,"140":8,"141":8,"142":8,"143":8,"144":8,"145":8,"146":8,"147":8,"148":8,"149":8,"150":8,"151":8,"153":8,"154":8,"155":8,"158":15,"159":7,"160":7,"161":7,"162":7,"163":7,"164":7,"165":7,"166":7,"167":7,"168":7,"169":0,"171":7,"172":7,"173":7,"174":7,"175":7,"176":7,"177":7,"180":7,"181":7,"182":7,"183":0,"185":0,"187":7,"189":15,"191":15,"192":3,"193":3,"194":3,"195":3,"196":3,"197":3,"199":3,"200":3,"201":3,"203":15,"205":15},"branchMap":{"0":{"type":"branch","line":13,"loc":{"start":{"line":13,"column":26},"end":{"line":206,"column":2}},"locations":[{"start":{"line":13,"column":26},"end":{"line":206,"column":2}}]},"1":{"type":"branch","line":118,"loc":{"start":{"line":118,"column":29},"end":{"line":118,"column":57}},"locations":[{"start":{"line":118,"column":29},"end":{"line":118,"column":57}}]},"2":{"type":"branch","line":118,"loc":{"start":{"line":118,"column":48},"end":{"line":118,"column":59}},"locations":[{"start":{"line":118,"column":48},"end":{"line":118,"column":59}}]},"3":{"type":"branch","line":126,"loc":{"start":{"line":126,"column":29},"end":{"line":126,"column":56}},"locations":[{"start":{"line":126,"column":29},"end":{"line":126,"column":56}}]},"4":{"type":"branch","line":126,"loc":{"start":{"line":126,"column":47},"end":{"line":126,"column":58}},"locations":[{"start":{"line":126,"column":47},"end":{"line":126,"column":58}}]},"5":{"type":"branch","line":135,"loc":{"start":{"line":135,"column":26},"end":{"line":156,"column":16}},"locations":[{"start":{"line":135,"column":26},"end":{"line":156,"column":16}}]},"6":{"type":"branch","line":152,"loc":{"start":{"line":152,"column":25},"end":{"line":152,"column":48}},"locations":[{"start":{"line":152,"column":25},"end":{"line":152,"column":48}}]},"7":{"type":"branch","line":154,"loc":{"start":{"line":154,"column":15},"end":{"line":154,"column":45}},"locations":[{"start":{"line":154,"column":15},"end":{"line":154,"column":45}}]},"8":{"type":"branch","line":154,"loc":{"start":{"line":154,"column":27},"end":{"line":154,"column":64}},"locations":[{"start":{"line":154,"column":27},"end":{"line":154,"column":64}}]},"9":{"type":"branch","line":159,"loc":{"start":{"line":159,"column":26},"end":{"line":188,"column":16}},"locations":[{"start":{"line":159,"column":26},"end":{"line":188,"column":16}}]},"10":{"type":"branch","line":178,"loc":{"start":{"line":178,"column":34},"end":{"line":178,"column":64}},"locations":[{"start":{"line":178,"column":34},"end":{"line":178,"column":64}}]},"11":{"type":"branch","line":178,"loc":{"start":{"line":178,"column":54},"end":{"line":178,"column":73}},"locations":[{"start":{"line":178,"column":54},"end":{"line":178,"column":73}}]},"12":{"type":"branch","line":181,"loc":{"start":{"line":181,"column":15},"end":{"line":181,"column":44}},"locations":[{"start":{"line":181,"column":15},"end":{"line":181,"column":44}}]},"13":{"type":"branch","line":181,"loc":{"start":{"line":181,"column":27},"end":{"line":181,"column":62}},"locations":[{"start":{"line":181,"column":27},"end":{"line":181,"column":62}}]},"14":{"type":"branch","line":183,"loc":{"start":{"line":183,"column":28},"end":{"line":186,"column":18}},"locations":[{"start":{"line":183,"column":28},"end":{"line":186,"column":18}}]},"15":{"type":"branch","line":192,"loc":{"start":{"line":192,"column":7},"end":{"line":202,"column":14}},"locations":[{"start":{"line":192,"column":7},"end":{"line":202,"column":14}}]},"16":{"type":"branch","line":26,"loc":{"start":{"line":26,"column":34},"end":{"line":51,"column":4}},"locations":[{"start":{"line":26,"column":34},"end":{"line":51,"column":4}}]},"17":{"type":"branch","line":28,"loc":{"start":{"line":28,"column":39},"end":{"line":31,"column":5}},"locations":[{"start":{"line":28,"column":39},"end":{"line":31,"column":5}}]},"18":{"type":"branch","line":40,"loc":{"start":{"line":40,"column":6},"end":{"line":42,"column":7}},"locations":[{"start":{"line":40,"column":6},"end":{"line":42,"column":7}}]},"19":{"type":"branch","line":43,"loc":{"start":{"line":43,"column":4},"end":{"line":48,"column":6}},"locations":[{"start":{"line":43,"column":4},"end":{"line":48,"column":6}}]},"20":{"type":"branch","line":58,"loc":{"start":{"line":58,"column":33},"end":{"line":100,"column":4}},"locations":[{"start":{"line":58,"column":33},"end":{"line":100,"column":4}}]},"21":{"type":"branch","line":59,"loc":{"start":{"line":59,"column":29},"end":{"line":62,"column":5}},"locations":[{"start":{"line":59,"column":29},"end":{"line":62,"column":5}}]},"22":{"type":"branch","line":64,"loc":{"start":{"line":64,"column":18},"end":{"line":69,"column":31}},"locations":[{"start":{"line":64,"column":18},"end":{"line":69,"column":31}}]},"23":{"type":"branch","line":69,"loc":{"start":{"line":69,"column":31},"end":{"line":72,"column":5}},"locations":[{"start":{"line":69,"column":31},"end":{"line":72,"column":5}}]},"24":{"type":"branch","line":72,"loc":{"start":{"line":72,"column":4},"end":{"line":91,"column":13}},"locations":[{"start":{"line":72,"column":4},"end":{"line":91,"column":13}}]},"25":{"type":"branch","line":91,"loc":{"start":{"line":91,"column":6},"end":{"line":93,"column":7}},"locations":[{"start":{"line":91,"column":6},"end":{"line":93,"column":7}}]},"26":{"type":"branch","line":94,"loc":{"start":{"line":94,"column":4},"end":{"line":97,"column":6}},"locations":[{"start":{"line":94,"column":4},"end":{"line":97,"column":6}}]},"27":{"type":"branch","line":97,"loc":{"start":{"line":97,"column":4},"end":{"line":99,"column":5}},"locations":[{"start":{"line":97,"column":4},"end":{"line":99,"column":5}}]},"28":{"type":"branch","line":88,"loc":{"start":{"line":88,"column":12},"end":{"line":88,"column":67}},"locations":[{"start":{"line":88,"column":12},"end":{"line":88,"column":67}}]},"29":{"type":"branch","line":102,"loc":{"start":{"line":102,"column":27},"end":{"line":105,"column":4}},"locations":[{"start":{"line":102,"column":27},"end":{"line":105,"column":4}}]},"30":{"type":"branch","line":120,"loc":{"start":{"line":120,"column":19},"end":{"line":120,"column":53}},"locations":[{"start":{"line":120,"column":19},"end":{"line":120,"column":53}}]},"31":{"type":"branch","line":128,"loc":{"start":{"line":128,"column":19},"end":{"line":128,"column":52}},"locations":[{"start":{"line":128,"column":19},"end":{"line":128,"column":52}}]},"32":{"type":"branch","line":144,"loc":{"start":{"line":144,"column":26},"end":{"line":144,"column":62}},"locations":[{"start":{"line":144,"column":26},"end":{"line":144,"column":62}}]},"33":{"type":"branch","line":166,"loc":{"start":{"line":166,"column":26},"end":{"line":166,"column":64}},"locations":[{"start":{"line":166,"column":26},"end":{"line":166,"column":64}}]}},"b":{"0":[15],"1":[8],"2":[7],"3":[7],"4":[8],"5":[8],"6":[3],"7":[1],"8":[7],"9":[7],"10":[5],"11":[5],"12":[1],"13":[6],"14":[0],"15":[3],"16":[1],"17":[0],"18":[0],"19":[0],"20":[2],"21":[0],"22":[1],"23":[0],"24":[1],"25":[0],"26":[0],"27":[1],"28":[1],"29":[3],"30":[1],"31":[2],"32":[1],"33":[2]},"fnMap":{"0":{"name":"NavigationSection","decl":{"start":{"line":13,"column":26},"end":{"line":206,"column":2}},"loc":{"start":{"line":13,"column":26},"end":{"line":206,"column":2}},"line":13},"1":{"name":"handleNavigateBySeconds","decl":{"start":{"line":26,"column":34},"end":{"line":51,"column":4}},"loc":{"start":{"line":26,"column":34},"end":{"line":51,"column":4}},"line":26},"2":{"name":"handleNavigateByPhrase","decl":{"start":{"line":58,"column":33},"end":{"line":100,"column":4}},"loc":{"start":{"line":58,"column":33},"end":{"line":100,"column":4}},"line":58},"3":{"name":"handleModeChange","decl":{"start":{"line":102,"column":27},"end":{"line":105,"column":4}},"loc":{"start":{"line":102,"column":27},"end":{"line":105,"column":4}},"line":102},"4":{"name":"clearResult","decl":{"start":{"line":107,"column":22},"end":{"line":109,"column":4}},"loc":{"start":{"line":107,"column":22},"end":{"line":109,"column":4}},"line":107},"5":{"name":"onClick","decl":{"start":{"line":120,"column":19},"end":{"line":120,"column":53}},"loc":{"start":{"line":120,"column":19},"end":{"line":120,"column":53}},"line":120},"6":{"name":"onClick","decl":{"start":{"line":128,"column":19},"end":{"line":128,"column":52}},"loc":{"start":{"line":128,"column":19},"end":{"line":128,"column":52}},"line":128},"7":{"name":"onChange","decl":{"start":{"line":144,"column":26},"end":{"line":144,"column":62}},"loc":{"start":{"line":144,"column":26},"end":{"line":144,"column":62}},"line":144},"8":{"name":"onChange","decl":{"start":{"line":166,"column":26},"end":{"line":166,"column":64}},"loc":{"start":{"line":166,"column":26},"end":{"line":166,"column":64}},"line":166},"9":{"name":"onKeyPress","decl":{"start":{"line":169,"column":28},"end":{"line":170,"column":63}},"loc":{"start":{"line":169,"column":28},"end":{"line":170,"column":63}},"line":169}},"f":{"0":15,"1":1,"2":2,"3":3,"4":0,"5":1,"6":2,"7":1,"8":2,"9":0}}
,"/Users/ujjwal.tiwari/Desktop/LINGO_PLAY/lingoPlay/src/components/TranscriptionSection/TranscriptionSection.tsx": {"path":"/Users/ujjwal.tiwari/Desktop/LINGO_PLAY/lingoPlay/src/components/TranscriptionSection/TranscriptionSection.tsx","all":false,"statementMap":{"0":{"start":{"line":1,"column":0},"end":{"line":1,"column":33}},"15":{"start":{"line":16,"column":0},"end":{"line":16,"column":31}},"16":{"start":{"line":17,"column":0},"end":{"line":17,"column":10}},"17":{"start":{"line":18,"column":0},"end":{"line":18,"column":16}},"18":{"start":{"line":19,"column":0},"end":{"line":19,"column":10}},"19":{"start":{"line":20,"column":0},"end":{"line":20,"column":17}},"20":{"start":{"line":21,"column":0},"end":{"line":21,"column":23}},"21":{"start":{"line":22,"column":0},"end":{"line":22,"column":25}},"22":{"start":{"line":23,"column":0},"end":{"line":23,"column":34}},"23":{"start":{"line":24,"column":0},"end":{"line":24,"column":74}},"24":{"start":{"line":25,"column":0},"end":{"line":25,"column":19}},"25":{"start":{"line":26,"column":0},"end":{"line":26,"column":4}},"26":{"start":{"line":27,"column":0},"end":{"line":27,"column":58}},"28":{"start":{"line":29,"column":0},"end":{"line":29,"column":48}},"29":{"start":{"line":30,"column":0},"end":{"line":30,"column":19}},"30":{"start":{"line":31,"column":0},"end":{"line":31,"column":36}},"31":{"start":{"line":32,"column":0},"end":{"line":32,"column":13}},"32":{"start":{"line":33,"column":0},"end":{"line":33,"column":5}},"34":{"start":{"line":35,"column":0},"end":{"line":35,"column":9}},"35":{"start":{"line":36,"column":0},"end":{"line":36,"column":21}},"36":{"start":{"line":37,"column":0},"end":{"line":37,"column":29}},"39":{"start":{"line":40,"column":0},"end":{"line":40,"column":51}},"41":{"start":{"line":42,"column":0},"end":{"line":42,"column":56}},"42":{"start":{"line":43,"column":0},"end":{"line":43,"column":21}},"43":{"start":{"line":44,"column":0},"end":{"line":44,"column":61}},"44":{"start":{"line":45,"column":0},"end":{"line":45,"column":15}},"45":{"start":{"line":46,"column":0},"end":{"line":46,"column":80}},"46":{"start":{"line":47,"column":0},"end":{"line":47,"column":8}},"47":{"start":{"line":48,"column":0},"end":{"line":48,"column":5}},"48":{"start":{"line":49,"column":0},"end":{"line":49,"column":4}},"50":{"start":{"line":51,"column":0},"end":{"line":51,"column":10}},"51":{"start":{"line":52,"column":0},"end":{"line":52,"column":38}},"52":{"start":{"line":53,"column":0},"end":{"line":53,"column":63}},"54":{"start":{"line":55,"column":0},"end":{"line":55,"column":20}},"55":{"start":{"line":56,"column":0},"end":{"line":56,"column":44}},"56":{"start":{"line":57,"column":0},"end":{"line":57,"column":50}},"57":{"start":{"line":58,"column":0},"end":{"line":58,"column":69}},"58":{"start":{"line":59,"column":0},"end":{"line":59,"column":16}},"59":{"start":{"line":60,"column":0},"end":{"line":60,"column":64}},"60":{"start":{"line":61,"column":0},"end":{"line":61,"column":14}},"63":{"start":{"line":64,"column":0},"end":{"line":64,"column":19}},"64":{"start":{"line":65,"column":0},"end":{"line":65,"column":10}},"66":{"start":{"line":67,"column":0},"end":{"line":67,"column":75}},"67":{"start":{"line":68,"column":0},"end":{"line":68,"column":49}},"68":{"start":{"line":69,"column":0},"end":{"line":69,"column":70}},"69":{"start":{"line":70,"column":0},"end":{"line":70,"column":21}},"70":{"start":{"line":71,"column":0},"end":{"line":71,"column":50}},"71":{"start":{"line":72,"column":0},"end":{"line":72,"column":46}},"72":{"start":{"line":73,"column":0},"end":{"line":73,"column":15}},"74":{"start":{"line":75,"column":0},"end":{"line":75,"column":23}},"75":{"start":{"line":76,"column":0},"end":{"line":76,"column":18}},"79":{"start":{"line":80,"column":0},"end":{"line":80,"column":21}},"80":{"start":{"line":81,"column":0},"end":{"line":81,"column":49}},"81":{"start":{"line":82,"column":0},"end":{"line":82,"column":17}},"82":{"start":{"line":83,"column":0},"end":{"line":83,"column":28}},"83":{"start":{"line":84,"column":0},"end":{"line":84,"column":27}},"84":{"start":{"line":85,"column":0},"end":{"line":85,"column":26}},"85":{"start":{"line":86,"column":0},"end":{"line":86,"column":42}},"86":{"start":{"line":87,"column":0},"end":{"line":87,"column":49}},"87":{"start":{"line":88,"column":0},"end":{"line":88,"column":20}},"88":{"start":{"line":89,"column":0},"end":{"line":89,"column":36}},"89":{"start":{"line":90,"column":0},"end":{"line":90,"column":18}},"90":{"start":{"line":91,"column":0},"end":{"line":91,"column":23}},"91":{"start":{"line":92,"column":0},"end":{"line":92,"column":18}},"92":{"start":{"line":93,"column":0},"end":{"line":93,"column":18}},"96":{"start":{"line":97,"column":0},"end":{"line":97,"column":71}},"97":{"start":{"line":98,"column":0},"end":{"line":98,"column":14}},"98":{"start":{"line":99,"column":0},"end":{"line":99,"column":43}},"99":{"start":{"line":100,"column":0},"end":{"line":100,"column":23}},"100":{"start":{"line":101,"column":0},"end":{"line":101,"column":46}},"101":{"start":{"line":102,"column":0},"end":{"line":102,"column":73}},"102":{"start":{"line":103,"column":0},"end":{"line":103,"column":21}},"103":{"start":{"line":104,"column":0},"end":{"line":104,"column":63}},"104":{"start":{"line":105,"column":0},"end":{"line":105,"column":17}},"106":{"start":{"line":107,"column":0},"end":{"line":107,"column":25}},"107":{"start":{"line":108,"column":0},"end":{"line":108,"column":23}},"108":{"start":{"line":109,"column":0},"end":{"line":109,"column":46}},"109":{"start":{"line":110,"column":0},"end":{"line":110,"column":67}},"110":{"start":{"line":111,"column":0},"end":{"line":111,"column":21}},"111":{"start":{"line":112,"column":0},"end":{"line":112,"column":57}},"112":{"start":{"line":113,"column":0},"end":{"line":113,"column":17}},"114":{"start":{"line":115,"column":0},"end":{"line":115,"column":25}},"115":{"start":{"line":116,"column":0},"end":{"line":116,"column":20}},"117":{"start":{"line":118,"column":0},"end":{"line":118,"column":46}},"118":{"start":{"line":119,"column":0},"end":{"line":119,"column":51}},"119":{"start":{"line":120,"column":0},"end":{"line":120,"column":63}},"120":{"start":{"line":121,"column":0},"end":{"line":121,"column":39}},"121":{"start":{"line":122,"column":0},"end":{"line":122,"column":54}},"122":{"start":{"line":123,"column":0},"end":{"line":123,"column":62}},"123":{"start":{"line":124,"column":0},"end":{"line":124,"column":27}},"125":{"start":{"line":126,"column":0},"end":{"line":126,"column":28}},"126":{"start":{"line":127,"column":0},"end":{"line":127,"column":28}},"127":{"start":{"line":128,"column":0},"end":{"line":128,"column":52}},"128":{"start":{"line":129,"column":0},"end":{"line":129,"column":64}},"129":{"start":{"line":130,"column":0},"end":{"line":130,"column":64}},"130":{"start":{"line":131,"column":0},"end":{"line":131,"column":78}},"131":{"start":{"line":132,"column":0},"end":{"line":132,"column":42}},"132":{"start":{"line":133,"column":0},"end":{"line":133,"column":64}},"133":{"start":{"line":134,"column":0},"end":{"line":134,"column":71}},"134":{"start":{"line":135,"column":0},"end":{"line":135,"column":35}},"135":{"start":{"line":136,"column":0},"end":{"line":136,"column":30}},"136":{"start":{"line":137,"column":0},"end":{"line":137,"column":27}},"137":{"start":{"line":138,"column":0},"end":{"line":138,"column":28}},"139":{"start":{"line":140,"column":0},"end":{"line":140,"column":54}},"141":{"start":{"line":142,"column":0},"end":{"line":142,"column":26}},"143":{"start":{"line":144,"column":0},"end":{"line":144,"column":24}},"146":{"start":{"line":147,"column":0},"end":{"line":147,"column":45}},"147":{"start":{"line":148,"column":0},"end":{"line":148,"column":57}},"148":{"start":{"line":149,"column":0},"end":{"line":149,"column":39}},"149":{"start":{"line":150,"column":0},"end":{"line":150,"column":54}},"150":{"start":{"line":151,"column":0},"end":{"line":151,"column":62}},"151":{"start":{"line":152,"column":0},"end":{"line":152,"column":27}},"152":{"start":{"line":153,"column":0},"end":{"line":153,"column":35}},"153":{"start":{"line":154,"column":0},"end":{"line":154,"column":37}},"154":{"start":{"line":155,"column":0},"end":{"line":155,"column":36}},"155":{"start":{"line":156,"column":0},"end":{"line":156,"column":52}},"156":{"start":{"line":157,"column":0},"end":{"line":157,"column":59}},"157":{"start":{"line":158,"column":0},"end":{"line":158,"column":30}},"158":{"start":{"line":159,"column":0},"end":{"line":159,"column":46}},"159":{"start":{"line":160,"column":0},"end":{"line":160,"column":28}},"161":{"start":{"line":162,"column":0},"end":{"line":162,"column":28}},"162":{"start":{"line":163,"column":0},"end":{"line":163,"column":28}},"163":{"start":{"line":164,"column":0},"end":{"line":164,"column":35}},"164":{"start":{"line":165,"column":0},"end":{"line":165,"column":58}},"165":{"start":{"line":166,"column":0},"end":{"line":166,"column":67}},"166":{"start":{"line":167,"column":0},"end":{"line":167,"column":72}},"167":{"start":{"line":168,"column":0},"end":{"line":168,"column":34}},"168":{"start":{"line":169,"column":0},"end":{"line":169,"column":30}},"169":{"start":{"line":170,"column":0},"end":{"line":170,"column":27}},"170":{"start":{"line":171,"column":0},"end":{"line":171,"column":28}},"172":{"start":{"line":173,"column":0},"end":{"line":173,"column":78}},"174":{"start":{"line":175,"column":0},"end":{"line":175,"column":24}},"176":{"start":{"line":177,"column":0},"end":{"line":177,"column":20}},"177":{"start":{"line":178,"column":0},"end":{"line":178,"column":15}},"179":{"start":{"line":180,"column":0},"end":{"line":180,"column":11}},"181":{"start":{"line":182,"column":0},"end":{"line":182,"column":10}},"183":{"start":{"line":184,"column":0},"end":{"line":184,"column":2}}},"s":{"0":1,"15":1,"16":6,"17":6,"18":6,"19":6,"20":6,"21":6,"22":6,"23":6,"24":6,"25":6,"26":6,"28":6,"29":1,"30":0,"31":0,"32":0,"34":1,"35":1,"36":1,"39":1,"41":1,"42":1,"43":0,"44":0,"45":0,"46":0,"47":0,"48":1,"50":6,"51":6,"52":6,"54":6,"55":3,"56":3,"57":3,"58":3,"59":3,"60":3,"63":6,"64":3,"66":3,"67":1,"68":1,"69":1,"70":1,"71":1,"72":1,"74":1,"75":1,"79":3,"80":0,"81":0,"82":0,"83":0,"84":0,"85":0,"86":0,"87":0,"88":0,"89":0,"90":0,"91":0,"92":0,"96":3,"97":2,"98":2,"99":2,"100":2,"101":2,"102":2,"103":2,"104":2,"106":2,"107":2,"108":2,"109":2,"110":2,"111":2,"112":2,"114":2,"115":2,"117":2,"118":2,"119":1,"120":1,"121":1,"122":1,"123":1,"125":1,"126":1,"127":0,"128":0,"129":0,"130":0,"131":0,"132":0,"133":0,"134":0,"135":0,"136":0,"137":0,"139":0,"141":0,"143":1,"146":2,"147":1,"148":1,"149":1,"150":1,"151":1,"152":1,"153":1,"154":1,"155":1,"156":1,"157":1,"158":1,"159":1,"161":1,"162":1,"163":0,"164":0,"165":0,"166":0,"167":0,"168":0,"169":0,"170":0,"172":0,"174":1,"176":2,"177":2,"179":3,"181":6,"183":6},"branchMap":{"0":{"type":"branch","line":16,"loc":{"start":{"line":16,"column":29},"end":{"line":184,"column":2}},"locations":[{"start":{"line":16,"column":29},"end":{"line":184,"column":2}}]},"1":{"type":"branch","line":55,"loc":{"start":{"line":55,"column":8},"end":{"line":61,"column":14}},"locations":[{"start":{"line":55,"column":8},"end":{"line":61,"column":14}}]},"2":{"type":"branch","line":64,"loc":{"start":{"line":64,"column":7},"end":{"line":180,"column":11}},"locations":[{"start":{"line":64,"column":7},"end":{"line":180,"column":11}}]},"3":{"type":"branch","line":67,"loc":{"start":{"line":67,"column":11},"end":{"line":67,"column":55}},"locations":[{"start":{"line":67,"column":11},"end":{"line":67,"column":55}}]},"4":{"type":"branch","line":67,"loc":{"start":{"line":67,"column":45},"end":{"line":67,"column":75}},"locations":[{"start":{"line":67,"column":45},"end":{"line":67,"column":75}}]},"5":{"type":"branch","line":67,"loc":{"start":{"line":67,"column":56},"end":{"line":76,"column":18}},"locations":[{"start":{"line":67,"column":56},"end":{"line":76,"column":18}}]},"6":{"type":"branch","line":80,"loc":{"start":{"line":80,"column":11},"end":{"line":93,"column":18}},"locations":[{"start":{"line":80,"column":11},"end":{"line":93,"column":18}}]},"7":{"type":"branch","line":97,"loc":{"start":{"line":97,"column":40},"end":{"line":97,"column":71}},"locations":[{"start":{"line":97,"column":40},"end":{"line":97,"column":71}}]},"8":{"type":"branch","line":97,"loc":{"start":{"line":97,"column":58},"end":{"line":178,"column":15}},"locations":[{"start":{"line":97,"column":58},"end":{"line":178,"column":15}}]},"9":{"type":"branch","line":102,"loc":{"start":{"line":102,"column":34},"end":{"line":102,"column":71}},"locations":[{"start":{"line":102,"column":34},"end":{"line":102,"column":71}}]},"10":{"type":"branch","line":102,"loc":{"start":{"line":102,"column":59},"end":{"line":102,"column":73}},"locations":[{"start":{"line":102,"column":59},"end":{"line":102,"column":73}}]},"11":{"type":"branch","line":110,"loc":{"start":{"line":110,"column":34},"end":{"line":110,"column":65}},"locations":[{"start":{"line":110,"column":34},"end":{"line":110,"column":65}}]},"12":{"type":"branch","line":110,"loc":{"start":{"line":110,"column":53},"end":{"line":110,"column":67}},"locations":[{"start":{"line":110,"column":53},"end":{"line":110,"column":67}}]},"13":{"type":"branch","line":119,"loc":{"start":{"line":119,"column":31},"end":{"line":144,"column":24}},"locations":[{"start":{"line":119,"column":31},"end":{"line":144,"column":24}}]},"14":{"type":"branch","line":127,"loc":{"start":{"line":127,"column":22},"end":{"line":142,"column":26}},"locations":[{"start":{"line":127,"column":22},"end":{"line":142,"column":26}}]},"15":{"type":"branch","line":147,"loc":{"start":{"line":147,"column":31},"end":{"line":175,"column":24}},"locations":[{"start":{"line":147,"column":31},"end":{"line":175,"column":24}}]},"16":{"type":"branch","line":163,"loc":{"start":{"line":163,"column":22},"end":{"line":173,"column":78}},"locations":[{"start":{"line":163,"column":22},"end":{"line":173,"column":78}}]},"17":{"type":"branch","line":29,"loc":{"start":{"line":29,"column":35},"end":{"line":49,"column":4}},"locations":[{"start":{"line":29,"column":35},"end":{"line":49,"column":4}}]},"18":{"type":"branch","line":30,"loc":{"start":{"line":30,"column":18},"end":{"line":33,"column":5}},"locations":[{"start":{"line":30,"column":18},"end":{"line":33,"column":5}}]},"19":{"type":"branch","line":43,"loc":{"start":{"line":43,"column":4},"end":{"line":48,"column":5}},"locations":[{"start":{"line":43,"column":4},"end":{"line":48,"column":5}}]},"20":{"type":"branch","line":112,"loc":{"start":{"line":112,"column":27},"end":{"line":112,"column":57}},"locations":[{"start":{"line":112,"column":27},"end":{"line":112,"column":57}}]}},"b":{"0":[6],"1":[3],"2":[3],"3":[1],"4":[1],"5":[1],"6":[0],"7":[1],"8":[2],"9":[1],"10":[1],"11":[1],"12":[1],"13":[1],"14":[0],"15":[1],"16":[0],"17":[1],"18":[0],"19":[0],"20":[1]},"fnMap":{"0":{"name":"TranscriptionSection","decl":{"start":{"line":16,"column":29},"end":{"line":184,"column":2}},"loc":{"start":{"line":16,"column":29},"end":{"line":184,"column":2}},"line":16},"1":{"name":"handleStartTranscription","decl":{"start":{"line":29,"column":35},"end":{"line":49,"column":4}},"loc":{"start":{"line":29,"column":35},"end":{"line":49,"column":4}},"line":29},"2":{"name":"onClick","decl":{"start":{"line":104,"column":27},"end":{"line":104,"column":63}},"loc":{"start":{"line":104,"column":27},"end":{"line":104,"column":63}},"line":104},"3":{"name":"onClick","decl":{"start":{"line":112,"column":27},"end":{"line":112,"column":57}},"loc":{"start":{"line":112,"column":27},"end":{"line":112,"column":57}},"line":112}},"f":{"0":6,"1":1,"2":0,"3":1}}
,"/Users/ujjwal.tiwari/Desktop/LINGO_PLAY/lingoPlay/src/components/VideoGenerationSection/VideoGenerationSection.tsx": {"path":"/Users/ujjwal.tiwari/Desktop/LINGO_PLAY/lingoPlay/src/components/VideoGenerationSection/VideoGenerationSection.tsx","all":false,"statementMap":{"0":{"start":{"line":1,"column":0},"end":{"line":1,"column":33}},"17":{"start":{"line":18,"column":0},"end":{"line":18,"column":41}},"18":{"start":{"line":19,"column":0},"end":{"line":19,"column":3}},"19":{"start":{"line":20,"column":0},"end":{"line":20,"column":28}},"20":{"start":{"line":21,"column":0},"end":{"line":21,"column":31}},"21":{"start":{"line":22,"column":0},"end":{"line":22,"column":18}},"22":{"start":{"line":23,"column":0},"end":{"line":23,"column":26}},"23":{"start":{"line":24,"column":0},"end":{"line":24,"column":55}},"24":{"start":{"line":25,"column":0},"end":{"line":25,"column":4}},"25":{"start":{"line":26,"column":0},"end":{"line":26,"column":3}},"26":{"start":{"line":27,"column":0},"end":{"line":27,"column":30}},"27":{"start":{"line":28,"column":0},"end":{"line":28,"column":33}},"28":{"start":{"line":29,"column":0},"end":{"line":29,"column":20}},"29":{"start":{"line":30,"column":0},"end":{"line":30,"column":26}},"30":{"start":{"line":31,"column":0},"end":{"line":31,"column":60}},"31":{"start":{"line":32,"column":0},"end":{"line":32,"column":4}},"32":{"start":{"line":33,"column":0},"end":{"line":33,"column":3}},"33":{"start":{"line":34,"column":0},"end":{"line":34,"column":22}},"34":{"start":{"line":35,"column":0},"end":{"line":35,"column":25}},"35":{"start":{"line":36,"column":0},"end":{"line":36,"column":18}},"36":{"start":{"line":37,"column":0},"end":{"line":37,"column":20}},"37":{"start":{"line":38,"column":0},"end":{"line":38,"column":48}},"38":{"start":{"line":39,"column":0},"end":{"line":39,"column":4}},"39":{"start":{"line":40,"column":0},"end":{"line":40,"column":3}},"40":{"start":{"line":41,"column":0},"end":{"line":41,"column":24}},"41":{"start":{"line":42,"column":0},"end":{"line":42,"column":27}},"42":{"start":{"line":43,"column":0},"end":{"line":43,"column":20}},"43":{"start":{"line":44,"column":0},"end":{"line":44,"column":20}},"44":{"start":{"line":45,"column":0},"end":{"line":45,"column":57}},"45":{"start":{"line":46,"column":0},"end":{"line":46,"column":4}},"46":{"start":{"line":47,"column":0},"end":{"line":47,"column":3}},"47":{"start":{"line":48,"column":0},"end":{"line":48,"column":25}},"48":{"start":{"line":49,"column":0},"end":{"line":49,"column":28}},"49":{"start":{"line":50,"column":0},"end":{"line":50,"column":18}},"50":{"start":{"line":51,"column":0},"end":{"line":51,"column":23}},"51":{"start":{"line":52,"column":0},"end":{"line":52,"column":54}},"52":{"start":{"line":53,"column":0},"end":{"line":53,"column":4}},"53":{"start":{"line":54,"column":0},"end":{"line":54,"column":3}},"54":{"start":{"line":55,"column":0},"end":{"line":55,"column":27}},"55":{"start":{"line":56,"column":0},"end":{"line":56,"column":30}},"56":{"start":{"line":57,"column":0},"end":{"line":57,"column":20}},"57":{"start":{"line":58,"column":0},"end":{"line":58,"column":23}},"58":{"start":{"line":59,"column":0},"end":{"line":59,"column":52}},"59":{"start":{"line":60,"column":0},"end":{"line":60,"column":4}},"60":{"start":{"line":61,"column":0},"end":{"line":61,"column":2}},"62":{"start":{"line":63,"column":0},"end":{"line":63,"column":33}},"63":{"start":{"line":64,"column":0},"end":{"line":64,"column":19}},"64":{"start":{"line":65,"column":0},"end":{"line":65,"column":36}},"65":{"start":{"line":66,"column":0},"end":{"line":66,"column":49}},"66":{"start":{"line":67,"column":0},"end":{"line":67,"column":65}},"67":{"start":{"line":68,"column":0},"end":{"line":68,"column":25}},"68":{"start":{"line":69,"column":0},"end":{"line":69,"column":4}},"69":{"start":{"line":70,"column":0},"end":{"line":70,"column":58}},"70":{"start":{"line":71,"column":0},"end":{"line":71,"column":73}},"71":{"start":{"line":72,"column":0},"end":{"line":72,"column":73}},"72":{"start":{"line":73,"column":0},"end":{"line":73,"column":66}},"73":{"start":{"line":74,"column":0},"end":{"line":74,"column":58}},"75":{"start":{"line":76,"column":0},"end":{"line":76,"column":38}},"76":{"start":{"line":77,"column":0},"end":{"line":77,"column":34}},"78":{"start":{"line":79,"column":0},"end":{"line":79,"column":52}},"79":{"start":{"line":80,"column":0},"end":{"line":80,"column":37}},"80":{"start":{"line":81,"column":0},"end":{"line":81,"column":6}},"81":{"start":{"line":82,"column":0},"end":{"line":82,"column":37}},"83":{"start":{"line":84,"column":0},"end":{"line":84,"column":26}},"84":{"start":{"line":85,"column":0},"end":{"line":85,"column":29}},"85":{"start":{"line":86,"column":0},"end":{"line":86,"column":19}},"86":{"start":{"line":87,"column":0},"end":{"line":87,"column":29}},"87":{"start":{"line":88,"column":0},"end":{"line":88,"column":29}},"89":{"start":{"line":90,"column":0},"end":{"line":90,"column":9}},"90":{"start":{"line":91,"column":0},"end":{"line":91,"column":50}},"93":{"start":{"line":94,"column":0},"end":{"line":94,"column":23}},"94":{"start":{"line":95,"column":0},"end":{"line":95,"column":41}},"95":{"start":{"line":96,"column":0},"end":{"line":96,"column":41}},"96":{"start":{"line":97,"column":0},"end":{"line":97,"column":8}},"98":{"start":{"line":99,"column":0},"end":{"line":99,"column":54}},"99":{"start":{"line":100,"column":0},"end":{"line":100,"column":25}},"100":{"start":{"line":101,"column":0},"end":{"line":101,"column":15}},"101":{"start":{"line":102,"column":0},"end":{"line":102,"column":8}},"103":{"start":{"line":104,"column":0},"end":{"line":104,"column":29}},"104":{"start":{"line":105,"column":0},"end":{"line":105,"column":72}},"108":{"start":{"line":109,"column":0},"end":{"line":109,"column":52}},"109":{"start":{"line":110,"column":0},"end":{"line":110,"column":14}},"110":{"start":{"line":111,"column":0},"end":{"line":111,"column":80}},"111":{"start":{"line":112,"column":0},"end":{"line":112,"column":7}},"112":{"start":{"line":113,"column":0},"end":{"line":113,"column":21}},"113":{"start":{"line":114,"column":0},"end":{"line":114,"column":54}},"114":{"start":{"line":115,"column":0},"end":{"line":115,"column":15}},"115":{"start":{"line":116,"column":0},"end":{"line":116,"column":75}},"116":{"start":{"line":117,"column":0},"end":{"line":117,"column":8}},"117":{"start":{"line":118,"column":0},"end":{"line":118,"column":29}},"118":{"start":{"line":119,"column":0},"end":{"line":119,"column":5}},"119":{"start":{"line":120,"column":0},"end":{"line":120,"column":4}},"121":{"start":{"line":122,"column":0},"end":{"line":122,"column":64}},"122":{"start":{"line":123,"column":0},"end":{"line":123,"column":44}},"123":{"start":{"line":124,"column":0},"end":{"line":124,"column":21}},"125":{"start":{"line":126,"column":0},"end":{"line":126,"column":50}},"126":{"start":{"line":127,"column":0},"end":{"line":127,"column":17}},"128":{"start":{"line":129,"column":0},"end":{"line":129,"column":11}},"129":{"start":{"line":130,"column":0},"end":{"line":130,"column":76}},"131":{"start":{"line":132,"column":0},"end":{"line":132,"column":31}},"133":{"start":{"line":134,"column":0},"end":{"line":134,"column":65}},"135":{"start":{"line":136,"column":0},"end":{"line":136,"column":55}},"136":{"start":{"line":137,"column":0},"end":{"line":137,"column":40}},"137":{"start":{"line":138,"column":0},"end":{"line":138,"column":39}},"138":{"start":{"line":139,"column":0},"end":{"line":139,"column":58}},"139":{"start":{"line":140,"column":0},"end":{"line":140,"column":79}},"140":{"start":{"line":141,"column":0},"end":{"line":141,"column":35}},"141":{"start":{"line":142,"column":0},"end":{"line":142,"column":77}},"142":{"start":{"line":143,"column":0},"end":{"line":143,"column":54}},"143":{"start":{"line":144,"column":0},"end":{"line":144,"column":11}},"144":{"start":{"line":145,"column":0},"end":{"line":145,"column":9}},"146":{"start":{"line":147,"column":0},"end":{"line":147,"column":38}},"147":{"start":{"line":148,"column":0},"end":{"line":148,"column":38}},"148":{"start":{"line":149,"column":0},"end":{"line":149,"column":50}},"149":{"start":{"line":150,"column":0},"end":{"line":150,"column":9}},"150":{"start":{"line":151,"column":0},"end":{"line":151,"column":23}},"151":{"start":{"line":152,"column":0},"end":{"line":152,"column":36}},"152":{"start":{"line":153,"column":0},"end":{"line":153,"column":47}},"153":{"start":{"line":154,"column":0},"end":{"line":154,"column":79}},"154":{"start":{"line":155,"column":0},"end":{"line":155,"column":31}},"155":{"start":{"line":156,"column":0},"end":{"line":156,"column":7}},"156":{"start":{"line":157,"column":0},"end":{"line":157,"column":37}},"157":{"start":{"line":158,"column":0},"end":{"line":158,"column":4}},"159":{"start":{"line":160,"column":0},"end":{"line":160,"column":39}},"160":{"start":{"line":161,"column":0},"end":{"line":161,"column":29}},"161":{"start":{"line":162,"column":0},"end":{"line":162,"column":29}},"162":{"start":{"line":163,"column":0},"end":{"line":163,"column":29}},"163":{"start":{"line":164,"column":0},"end":{"line":164,"column":19}},"164":{"start":{"line":165,"column":0},"end":{"line":165,"column":4}},"166":{"start":{"line":167,"column":0},"end":{"line":167,"column":50}},"167":{"start":{"line":168,"column":0},"end":{"line":168,"column":35}},"168":{"start":{"line":169,"column":0},"end":{"line":169,"column":4}},"170":{"start":{"line":171,"column":0},"end":{"line":171,"column":10}},"171":{"start":{"line":172,"column":0},"end":{"line":172,"column":38}},"172":{"start":{"line":173,"column":0},"end":{"line":173,"column":56}},"174":{"start":{"line":175,"column":0},"end":{"line":175,"column":38}},"175":{"start":{"line":176,"column":0},"end":{"line":176,"column":43}},"176":{"start":{"line":177,"column":0},"end":{"line":177,"column":42}},"178":{"start":{"line":179,"column":0},"end":{"line":179,"column":18}},"179":{"start":{"line":180,"column":0},"end":{"line":180,"column":19}},"180":{"start":{"line":181,"column":0},"end":{"line":181,"column":29}},"181":{"start":{"line":182,"column":0},"end":{"line":182,"column":58}},"182":{"start":{"line":183,"column":0},"end":{"line":183,"column":88}},"183":{"start":{"line":184,"column":0},"end":{"line":184,"column":39}},"184":{"start":{"line":185,"column":0},"end":{"line":185,"column":20}},"185":{"start":{"line":186,"column":0},"end":{"line":186,"column":35}},"186":{"start":{"line":187,"column":0},"end":{"line":187,"column":12}},"187":{"start":{"line":188,"column":0},"end":{"line":188,"column":44}},"188":{"start":{"line":189,"column":0},"end":{"line":189,"column":41}},"189":{"start":{"line":190,"column":0},"end":{"line":190,"column":41}},"190":{"start":{"line":191,"column":0},"end":{"line":191,"column":80}},"192":{"start":{"line":193,"column":0},"end":{"line":193,"column":16}},"193":{"start":{"line":194,"column":0},"end":{"line":194,"column":14}},"195":{"start":{"line":196,"column":0},"end":{"line":196,"column":19}},"196":{"start":{"line":197,"column":0},"end":{"line":197,"column":47}},"197":{"start":{"line":198,"column":0},"end":{"line":198,"column":28}},"198":{"start":{"line":199,"column":0},"end":{"line":199,"column":16}},"201":{"start":{"line":202,"column":0},"end":{"line":202,"column":45}},"202":{"start":{"line":203,"column":0},"end":{"line":203,"column":65}},"203":{"start":{"line":204,"column":0},"end":{"line":204,"column":46}},"204":{"start":{"line":205,"column":0},"end":{"line":205,"column":46}},"205":{"start":{"line":206,"column":0},"end":{"line":206,"column":21}},"206":{"start":{"line":207,"column":0},"end":{"line":207,"column":32}},"207":{"start":{"line":208,"column":0},"end":{"line":208,"column":52}},"208":{"start":{"line":209,"column":0},"end":{"line":209,"column":78}},"209":{"start":{"line":210,"column":0},"end":{"line":210,"column":19}},"210":{"start":{"line":211,"column":0},"end":{"line":211,"column":62}},"211":{"start":{"line":212,"column":0},"end":{"line":212,"column":39}},"213":{"start":{"line":214,"column":0},"end":{"line":214,"column":54}},"214":{"start":{"line":215,"column":0},"end":{"line":215,"column":55}},"215":{"start":{"line":216,"column":0},"end":{"line":216,"column":60}},"216":{"start":{"line":217,"column":0},"end":{"line":217,"column":25}},"217":{"start":{"line":218,"column":0},"end":{"line":218,"column":78}},"218":{"start":{"line":219,"column":0},"end":{"line":219,"column":22}},"219":{"start":{"line":220,"column":0},"end":{"line":220,"column":59}},"220":{"start":{"line":221,"column":0},"end":{"line":221,"column":39}},"221":{"start":{"line":222,"column":0},"end":{"line":222,"column":22}},"222":{"start":{"line":223,"column":0},"end":{"line":223,"column":52}},"223":{"start":{"line":224,"column":0},"end":{"line":224,"column":69}},"224":{"start":{"line":225,"column":0},"end":{"line":225,"column":69}},"225":{"start":{"line":226,"column":0},"end":{"line":226,"column":22}},"226":{"start":{"line":227,"column":0},"end":{"line":227,"column":23}},"227":{"start":{"line":228,"column":0},"end":{"line":228,"column":15}},"228":{"start":{"line":229,"column":0},"end":{"line":229,"column":16}},"229":{"start":{"line":230,"column":0},"end":{"line":230,"column":14}},"231":{"start":{"line":232,"column":0},"end":{"line":232,"column":33}},"232":{"start":{"line":233,"column":0},"end":{"line":233,"column":57}},"233":{"start":{"line":234,"column":0},"end":{"line":234,"column":73}},"234":{"start":{"line":235,"column":0},"end":{"line":235,"column":45}},"235":{"start":{"line":236,"column":0},"end":{"line":236,"column":16}},"238":{"start":{"line":239,"column":0},"end":{"line":239,"column":15}},"239":{"start":{"line":240,"column":0},"end":{"line":240,"column":34}},"240":{"start":{"line":241,"column":0},"end":{"line":241,"column":43}},"241":{"start":{"line":242,"column":0},"end":{"line":242,"column":20}},"242":{"start":{"line":243,"column":0},"end":{"line":243,"column":72}},"245":{"start":{"line":246,"column":0},"end":{"line":246,"column":67}},"246":{"start":{"line":247,"column":0},"end":{"line":247,"column":17}},"248":{"start":{"line":249,"column":0},"end":{"line":249,"column":26}},"249":{"start":{"line":250,"column":0},"end":{"line":250,"column":52}},"250":{"start":{"line":251,"column":0},"end":{"line":251,"column":48}},"251":{"start":{"line":252,"column":0},"end":{"line":252,"column":18}},"252":{"start":{"line":253,"column":0},"end":{"line":253,"column":47}},"253":{"start":{"line":254,"column":0},"end":{"line":254,"column":59}},"254":{"start":{"line":255,"column":0},"end":{"line":255,"column":21}},"255":{"start":{"line":256,"column":0},"end":{"line":256,"column":18}},"256":{"start":{"line":257,"column":0},"end":{"line":257,"column":49}},"257":{"start":{"line":258,"column":0},"end":{"line":258,"column":63}},"258":{"start":{"line":259,"column":0},"end":{"line":259,"column":42}},"259":{"start":{"line":260,"column":0},"end":{"line":260,"column":42}},"260":{"start":{"line":261,"column":0},"end":{"line":261,"column":39}},"261":{"start":{"line":262,"column":0},"end":{"line":262,"column":42}},"262":{"start":{"line":263,"column":0},"end":{"line":263,"column":42}},"263":{"start":{"line":264,"column":0},"end":{"line":264,"column":36}},"264":{"start":{"line":265,"column":0},"end":{"line":265,"column":59}},"265":{"start":{"line":266,"column":0},"end":{"line":266,"column":18}},"266":{"start":{"line":267,"column":0},"end":{"line":267,"column":16}},"269":{"start":{"line":270,"column":0},"end":{"line":270,"column":54}},"270":{"start":{"line":271,"column":0},"end":{"line":271,"column":50}},"271":{"start":{"line":272,"column":0},"end":{"line":272,"column":49}},"272":{"start":{"line":273,"column":0},"end":{"line":273,"column":47}},"273":{"start":{"line":274,"column":0},"end":{"line":274,"column":21}},"274":{"start":{"line":275,"column":0},"end":{"line":275,"column":47}},"275":{"start":{"line":276,"column":0},"end":{"line":276,"column":46}},"277":{"start":{"line":278,"column":0},"end":{"line":278,"column":66}},"278":{"start":{"line":279,"column":0},"end":{"line":279,"column":23}},"279":{"start":{"line":280,"column":0},"end":{"line":280,"column":18}},"281":{"start":{"line":282,"column":0},"end":{"line":282,"column":35}},"282":{"start":{"line":283,"column":0},"end":{"line":283,"column":20}},"283":{"start":{"line":284,"column":0},"end":{"line":284,"column":49}},"284":{"start":{"line":285,"column":0},"end":{"line":285,"column":24}},"285":{"start":{"line":286,"column":0},"end":{"line":286,"column":39}},"286":{"start":{"line":287,"column":0},"end":{"line":287,"column":15}},"288":{"start":{"line":289,"column":0},"end":{"line":289,"column":22}},"291":{"start":{"line":292,"column":0},"end":{"line":292,"column":57}},"292":{"start":{"line":293,"column":0},"end":{"line":293,"column":20}},"293":{"start":{"line":294,"column":0},"end":{"line":294,"column":49}},"294":{"start":{"line":295,"column":0},"end":{"line":295,"column":24}},"295":{"start":{"line":296,"column":0},"end":{"line":296,"column":39}},"296":{"start":{"line":297,"column":0},"end":{"line":297,"column":15}},"298":{"start":{"line":299,"column":0},"end":{"line":299,"column":22}},"301":{"start":{"line":302,"column":0},"end":{"line":302,"column":50}},"302":{"start":{"line":303,"column":0},"end":{"line":303,"column":37}},"303":{"start":{"line":304,"column":0},"end":{"line":304,"column":18}},"304":{"start":{"line":305,"column":0},"end":{"line":305,"column":42}},"305":{"start":{"line":306,"column":0},"end":{"line":306,"column":48}},"306":{"start":{"line":307,"column":0},"end":{"line":307,"column":51}},"308":{"start":{"line":309,"column":0},"end":{"line":309,"column":80}},"310":{"start":{"line":311,"column":0},"end":{"line":311,"column":20}},"312":{"start":{"line":313,"column":0},"end":{"line":313,"column":37}},"313":{"start":{"line":314,"column":0},"end":{"line":314,"column":18}},"314":{"start":{"line":315,"column":0},"end":{"line":315,"column":42}},"315":{"start":{"line":316,"column":0},"end":{"line":316,"column":48}},"316":{"start":{"line":317,"column":0},"end":{"line":317,"column":51}},"317":{"start":{"line":318,"column":0},"end":{"line":318,"column":74}},"319":{"start":{"line":320,"column":0},"end":{"line":320,"column":80}},"321":{"start":{"line":322,"column":0},"end":{"line":322,"column":20}},"323":{"start":{"line":324,"column":0},"end":{"line":324,"column":18}},"324":{"start":{"line":325,"column":0},"end":{"line":325,"column":16}},"326":{"start":{"line":327,"column":0},"end":{"line":327,"column":12}},"327":{"start":{"line":328,"column":0},"end":{"line":328,"column":10}},"329":{"start":{"line":330,"column":0},"end":{"line":330,"column":2}}},"s":{"0":1,"17":1,"18":1,"19":1,"20":1,"21":1,"22":1,"23":1,"24":1,"25":1,"26":1,"27":1,"28":1,"29":1,"30":1,"31":1,"32":1,"33":1,"34":1,"35":1,"36":1,"37":1,"38":1,"39":1,"40":1,"41":1,"42":1,"43":1,"44":1,"45":1,"46":1,"47":1,"48":1,"49":1,"50":1,"51":1,"52":1,"53":1,"54":1,"55":1,"56":1,"57":1,"58":1,"59":1,"60":1,"62":1,"63":8,"64":8,"65":8,"66":8,"67":8,"68":8,"69":8,"70":8,"71":8,"72":8,"73":8,"75":8,"76":1,"78":1,"79":1,"80":1,"81":1,"83":1,"84":1,"85":1,"86":1,"87":1,"89":1,"90":1,"93":1,"94":1,"95":1,"96":1,"98":1,"99":1,"100":1,"101":1,"103":1,"104":1,"108":1,"109":1,"110":0,"111":0,"112":1,"113":0,"114":0,"115":0,"116":0,"117":0,"118":0,"119":1,"121":8,"122":1,"123":1,"125":1,"126":1,"128":1,"129":1,"131":1,"133":1,"135":1,"136":1,"137":1,"138":1,"139":1,"140":1,"141":1,"142":1,"143":1,"144":1,"146":1,"147":0,"148":0,"149":0,"150":1,"151":0,"152":0,"153":0,"154":0,"155":0,"156":1,"157":1,"159":8,"160":0,"161":0,"162":0,"163":0,"164":0,"166":8,"167":8,"168":8,"170":8,"171":8,"172":8,"174":8,"175":8,"176":8,"178":8,"179":8,"180":8,"181":8,"182":8,"183":8,"184":8,"185":8,"186":8,"187":8,"188":8,"189":8,"190":0,"192":8,"193":8,"195":8,"196":0,"197":0,"198":0,"201":8,"202":8,"203":8,"204":8,"205":48,"206":48,"207":48,"208":48,"209":48,"210":48,"211":48,"213":48,"214":48,"215":48,"216":48,"217":48,"218":48,"219":48,"220":48,"221":48,"222":48,"223":48,"224":48,"225":48,"226":48,"227":8,"228":8,"229":8,"231":8,"232":8,"233":8,"234":8,"235":8,"238":8,"239":8,"240":8,"241":8,"242":8,"245":8,"246":8,"248":8,"249":1,"250":1,"251":1,"252":1,"253":1,"254":1,"255":1,"256":1,"257":1,"258":1,"259":0,"260":0,"261":1,"262":0,"263":0,"264":1,"265":1,"266":1,"269":8,"270":1,"271":1,"272":1,"273":1,"274":1,"275":1,"277":1,"278":1,"279":1,"281":1,"282":1,"283":1,"284":1,"285":1,"286":1,"288":1,"291":1,"292":0,"293":0,"294":0,"295":0,"296":0,"298":0,"301":1,"302":1,"303":1,"304":1,"305":1,"306":1,"308":1,"310":1,"312":1,"313":1,"314":1,"315":1,"316":1,"317":1,"319":1,"321":1,"323":1,"324":1,"326":8,"327":8,"329":8},"branchMap":{"0":{"type":"branch","line":63,"loc":{"start":{"line":63,"column":31},"end":{"line":330,"column":2}},"locations":[{"start":{"line":63,"column":31},"end":{"line":330,"column":2}}]},"1":{"type":"branch","line":190,"loc":{"start":{"line":190,"column":32},"end":{"line":191,"column":80}},"locations":[{"start":{"line":190,"column":32},"end":{"line":191,"column":80}}]},"2":{"type":"branch","line":196,"loc":{"start":{"line":196,"column":9},"end":{"line":199,"column":16}},"locations":[{"start":{"line":196,"column":9},"end":{"line":199,"column":16}}]},"3":{"type":"branch","line":243,"loc":{"start":{"line":243,"column":28},"end":{"line":243,"column":60}},"locations":[{"start":{"line":243,"column":28},"end":{"line":243,"column":60}}]},"4":{"type":"branch","line":243,"loc":{"start":{"line":243,"column":52},"end":{"line":243,"column":72}},"locations":[{"start":{"line":243,"column":52},"end":{"line":243,"column":72}}]},"5":{"type":"branch","line":246,"loc":{"start":{"line":246,"column":11},"end":{"line":246,"column":50}},"locations":[{"start":{"line":246,"column":11},"end":{"line":246,"column":50}}]},"6":{"type":"branch","line":246,"loc":{"start":{"line":246,"column":26},"end":{"line":246,"column":67}},"locations":[{"start":{"line":246,"column":26},"end":{"line":246,"column":67}}]},"7":{"type":"branch","line":249,"loc":{"start":{"line":249,"column":9},"end":{"line":267,"column":16}},"locations":[{"start":{"line":249,"column":9},"end":{"line":267,"column":16}}]},"8":{"type":"branch","line":259,"loc":{"start":{"line":259,"column":37},"end":{"line":260,"column":42}},"locations":[{"start":{"line":259,"column":37},"end":{"line":260,"column":42}}]},"9":{"type":"branch","line":260,"loc":{"start":{"line":260,"column":37},"end":{"line":261,"column":39}},"locations":[{"start":{"line":260,"column":37},"end":{"line":261,"column":39}}]},"10":{"type":"branch","line":262,"loc":{"start":{"line":262,"column":37},"end":{"line":263,"column":42}},"locations":[{"start":{"line":262,"column":37},"end":{"line":263,"column":42}}]},"11":{"type":"branch","line":263,"loc":{"start":{"line":263,"column":37},"end":{"line":264,"column":36}},"locations":[{"start":{"line":263,"column":37},"end":{"line":264,"column":36}}]},"12":{"type":"branch","line":265,"loc":{"start":{"line":265,"column":37},"end":{"line":265,"column":59}},"locations":[{"start":{"line":265,"column":37},"end":{"line":265,"column":59}}]},"13":{"type":"branch","line":270,"loc":{"start":{"line":270,"column":10},"end":{"line":270,"column":54}},"locations":[{"start":{"line":270,"column":10},"end":{"line":270,"column":54}}]},"14":{"type":"branch","line":270,"loc":{"start":{"line":270,"column":31},"end":{"line":325,"column":16}},"locations":[{"start":{"line":270,"column":31},"end":{"line":325,"column":16}}]},"15":{"type":"branch","line":292,"loc":{"start":{"line":292,"column":35},"end":{"line":299,"column":22}},"locations":[{"start":{"line":292,"column":35},"end":{"line":299,"column":22}}]},"16":{"type":"branch","line":318,"loc":{"start":{"line":318,"column":59},"end":{"line":318,"column":72}},"locations":[{"start":{"line":318,"column":59},"end":{"line":318,"column":72}}]},"17":{"type":"branch","line":76,"loc":{"start":{"line":76,"column":25},"end":{"line":120,"column":4}},"locations":[{"start":{"line":76,"column":25},"end":{"line":120,"column":4}}]},"18":{"type":"branch","line":77,"loc":{"start":{"line":77,"column":27},"end":{"line":77,"column":34}},"locations":[{"start":{"line":77,"column":27},"end":{"line":77,"column":34}}]},"19":{"type":"branch","line":82,"loc":{"start":{"line":82,"column":30},"end":{"line":82,"column":37}},"locations":[{"start":{"line":82,"column":30},"end":{"line":82,"column":37}}]},"20":{"type":"branch","line":110,"loc":{"start":{"line":110,"column":6},"end":{"line":112,"column":7}},"locations":[{"start":{"line":110,"column":6},"end":{"line":112,"column":7}}]},"21":{"type":"branch","line":113,"loc":{"start":{"line":113,"column":4},"end":{"line":119,"column":5}},"locations":[{"start":{"line":113,"column":4},"end":{"line":119,"column":5}}]},"22":{"type":"branch","line":80,"loc":{"start":{"line":80,"column":6},"end":{"line":80,"column":37}},"locations":[{"start":{"line":80,"column":6},"end":{"line":80,"column":37}}]},"23":{"type":"branch","line":122,"loc":{"start":{"line":122,"column":31},"end":{"line":158,"column":4}},"locations":[{"start":{"line":122,"column":31},"end":{"line":158,"column":4}}]},"24":{"type":"branch","line":126,"loc":{"start":{"line":126,"column":37},"end":{"line":157,"column":7}},"locations":[{"start":{"line":126,"column":37},"end":{"line":157,"column":7}}]},"25":{"type":"branch","line":136,"loc":{"start":{"line":136,"column":23},"end":{"line":136,"column":54}},"locations":[{"start":{"line":136,"column":23},"end":{"line":136,"column":54}}]},"26":{"type":"branch","line":139,"loc":{"start":{"line":139,"column":42},"end":{"line":139,"column":56}},"locations":[{"start":{"line":139,"column":42},"end":{"line":139,"column":56}}]},"27":{"type":"branch","line":140,"loc":{"start":{"line":140,"column":42},"end":{"line":140,"column":75}},"locations":[{"start":{"line":140,"column":42},"end":{"line":140,"column":75}}]},"28":{"type":"branch","line":140,"loc":{"start":{"line":140,"column":63},"end":{"line":140,"column":77}},"locations":[{"start":{"line":140,"column":63},"end":{"line":140,"column":77}}]},"29":{"type":"branch","line":142,"loc":{"start":{"line":142,"column":12},"end":{"line":142,"column":77}},"locations":[{"start":{"line":142,"column":12},"end":{"line":142,"column":77}}]},"30":{"type":"branch","line":147,"loc":{"start":{"line":147,"column":37},"end":{"line":150,"column":9}},"locations":[{"start":{"line":147,"column":37},"end":{"line":150,"column":9}}]},"31":{"type":"branch","line":151,"loc":{"start":{"line":151,"column":6},"end":{"line":156,"column":7}},"locations":[{"start":{"line":151,"column":6},"end":{"line":156,"column":7}}]},"32":{"type":"branch","line":168,"loc":{"start":{"line":168,"column":4},"end":{"line":168,"column":35}},"locations":[{"start":{"line":168,"column":4},"end":{"line":168,"column":35}}]},"33":{"type":"branch","line":182,"loc":{"start":{"line":182,"column":22},"end":{"line":182,"column":58}},"locations":[{"start":{"line":182,"column":22},"end":{"line":182,"column":58}}]},"34":{"type":"branch","line":205,"loc":{"start":{"line":205,"column":32},"end":{"line":227,"column":23}},"locations":[{"start":{"line":205,"column":32},"end":{"line":227,"column":23}}]},"35":{"type":"branch","line":209,"loc":{"start":{"line":209,"column":46},"end":{"line":209,"column":76}},"locations":[{"start":{"line":209,"column":46},"end":{"line":209,"column":76}}]},"36":{"type":"branch","line":209,"loc":{"start":{"line":209,"column":58},"end":{"line":209,"column":78}},"locations":[{"start":{"line":209,"column":58},"end":{"line":209,"column":78}}]},"37":{"type":"branch","line":216,"loc":{"start":{"line":216,"column":39},"end":{"line":216,"column":55}},"locations":[{"start":{"line":216,"column":39},"end":{"line":216,"column":55}}]},"38":{"type":"branch","line":216,"loc":{"start":{"line":216,"column":48},"end":{"line":216,"column":60}},"locations":[{"start":{"line":216,"column":48},"end":{"line":216,"column":60}}]}},"b":{"0":[8],"1":[0],"2":[0],"3":[4],"4":[4],"5":[1],"6":[7],"7":[1],"8":[0],"9":[0],"10":[0],"11":[0],"12":[0],"13":[7],"14":[1],"15":[0],"16":[0],"17":[1],"18":[0],"19":[0],"20":[0],"21":[0],"22":[2],"23":[1],"24":[1],"25":[0],"26":[0],"27":[0],"28":[0],"29":[0],"30":[0],"31":[0],"32":[16],"33":[2],"34":[48],"35":[8],"36":[40],"37":[24],"38":[24]},"fnMap":{"0":{"name":"VideoGenerationSection","decl":{"start":{"line":63,"column":31},"end":{"line":330,"column":2}},"loc":{"start":{"line":63,"column":31},"end":{"line":330,"column":2}},"line":63},"1":{"name":"handleGenerate","decl":{"start":{"line":76,"column":25},"end":{"line":120,"column":4}},"loc":{"start":{"line":76,"column":25},"end":{"line":120,"column":4}},"line":76},"2":{"name":"pollGenerationStatus","decl":{"start":{"line":122,"column":31},"end":{"line":158,"column":4}},"loc":{"start":{"line":122,"column":31},"end":{"line":158,"column":4}},"line":122},"3":{"name":"handleClearGeneration","decl":{"start":{"line":160,"column":32},"end":{"line":165,"column":4}},"loc":{"start":{"line":160,"column":32},"end":{"line":165,"column":4}},"line
[...]
,"column":0},"end":{"line":51,"column":21}},"51":{"start":{"line":52,"column":0},"end":{"line":52,"column":7}},"53":{"start":{"line":54,"column":0},"end":{"line":54,"column":23}},"54":{"start":{"line":55,"column":0},"end":{"line":55,"column":38}},"55":{"start":{"line":56,"column":0},"end":{"line":56,"column":15}},"56":{"start":{"line":57,"column":0},"end":{"line":57,"column":53}},"57":{"start":{"line":58,"column":0},"end":{"line":58,"column":22}},"58":{"start":{"line":59,"column":0},"end":{"line":59,"column":69}},"59":{"start":{"line":60,"column":0},"end":{"line":60,"column":8}},"60":{"start":{"line":61,"column":0},"end":{"line":61,"column":5}},"62":{"start":{"line":63,"column":0},"end":{"line":63,"column":27}},"63":{"start":{"line":64,"column":0},"end":{"line":64,"column":3}},"65":{"start":{"line":66,"column":0},"end":{"line":66,"column":23}},"66":{"start":{"line":67,"column":0},"end":{"line":67,"column":19}},"67":{"start":{"line":68,"column":0},"end":{"line":68,"column":51}},"68":{"start":{"line":69,"column":0},"end":{"line":69,"column":52}},"69":{"start":{"line":70,"column":0},"end":{"line":70,"column":3}},"71":{"start":{"line":72,"column":0},"end":{"line":72,"column":27}},"72":{"start":{"line":73,"column":0},"end":{"line":73,"column":20}},"73":{"start":{"line":74,"column":0},"end":{"line":74,"column":22}},"74":{"start":{"line":75,"column":0},"end":{"line":75,"column":70}},"75":{"start":{"line":76,"column":0},"end":{"line":76,"column":49}},"76":{"start":{"line":77,"column":0},"end":{"line":77,"column":21}},"77":{"start":{"line":78,"column":0},"end":{"line":78,"column":50}},"78":{"start":{"line":79,"column":0},"end":{"line":79,"column":7}},"79":{"start":{"line":80,"column":0},"end":{"line":80,"column":3}},"81":{"start":{"line":82,"column":0},"end":{"line":82,"column":75}},"82":{"start":{"line":83,"column":0},"end":{"line":83,"column":53}},"83":{"start":{"line":84,"column":0},"end":{"line":84,"column":3}},"85":{"start":{"line":86,"column":0},"end":{"line":86,"column":77}},"86":{"start":{"line":87,"column":0},"end":{"line":87,"column":50}},"87":{"start":{"line":88,"column":0},"end":{"line":88,"column":21}},"88":{"start":{"line":89,"column":0},"end":{"line":89,"column":42}},"89":{"start":{"line":90,"column":0},"end":{"line":90,"column":7}},"90":{"start":{"line":91,"column":0},"end":{"line":91,"column":3}},"92":{"start":{"line":93,"column":0},"end":{"line":93,"column":25}},"93":{"start":{"line":94,"column":0},"end":{"line":94,"column":20}},"94":{"start":{"line":95,"column":0},"end":{"line":95,"column":18}},"95":{"start":{"line":96,"column":0},"end":{"line":96,"column":34}},"96":{"start":{"line":97,"column":0},"end":{"line":97,"column":47}},"97":{"start":{"line":98,"column":0},"end":{"line":98,"column":21}},"98":{"start":{"line":99,"column":0},"end":{"line":99,"column":48}},"99":{"start":{"line":100,"column":0},"end":{"line":100,"column":7}},"100":{"start":{"line":101,"column":0},"end":{"line":101,"column":3}},"102":{"start":{"line":103,"column":0},"end":{"line":103,"column":22}},"103":{"start":{"line":104,"column":0},"end":{"line":104,"column":17}},"104":{"start":{"line":105,"column":0},"end":{"line":105,"column":20}},"105":{"start":{"line":106,"column":0},"end":{"line":106,"column":39}},"106":{"start":{"line":107,"column":0},"end":{"line":107,"column":47}},"107":{"start":{"line":108,"column":0},"end":{"line":108,"column":21}},"108":{"start":{"line":109,"column":0},"end":{"line":109,"column":46}},"109":{"start":{"line":110,"column":0},"end":{"line":110,"column":7}},"110":{"start":{"line":111,"column":0},"end":{"line":111,"column":3}},"112":{"start":{"line":113,"column":0},"end":{"line":113,"column":28}},"113":{"start":{"line":114,"column":0},"end":{"line":114,"column":24}},"114":{"start":{"line":115,"column":0},"end":{"line":115,"column":39}},"115":{"start":{"line":116,"column":0},"end":{"line":116,"column":62}},"116":{"start":{"line":117,"column":0},"end":{"line":117,"column":3}},"119":{"start":{"line":120,"column":0},"end":{"line":120,"column":32}},"125":{"start":{"line":126,"column":0},"end":{"line":126,"column":6}},"126":{"start":{"line":127,"column":0},"end":{"line":127,"column":32}},"127":{"start":{"line":128,"column":0},"end":{"line":128,"column":3}},"129":{"start":{"line":130,"column":0},"end":{"line":130,"column":25}},"130":{"start":{"line":131,"column":0},"end":{"line":131,"column":26}},"131":{"start":{"line":132,"column":0},"end":{"line":132,"column":3}},"132":{"start":{"line":133,"column":0},"end":{"line":133,"column":1}},"134":{"start":{"line":135,"column":0},"end":{"line":135,"column":43}},"135":{"start":{"line":136,"column":0},"end":{"line":136,"column":26}}},"s":{"0":1,"16":1,"20":1,"21":3,"22":3,"23":3,"24":3,"26":3,"27":3,"28":3,"29":3,"30":3,"31":3,"32":3,"34":3,"35":1,"36":1,"37":1,"38":1,"39":1,"41":2,"42":3,"44":1,"45":0,"46":0,"48":0,"49":0,"50":0,"51":0,"53":0,"54":0,"55":0,"56":0,"57":0,"58":0,"59":0,"60":0,"62":0,"63":0,"65":1,"66":0,"67":0,"68":0,"69":0,"71":1,"72":0,"73":0,"74":0,"75":0,"76":0,"77":0,"78":0,"79":0,"81":1,"82":1,"83":1,"85":1,"86":1,"87":1,"88":1,"89":1,"90":1,"92":1,"93":0,"94":0,"95":0,"96":0,"97":0,"98":0,"99":0,"100":0,"102":1,"103":1,"104":1,"105":1,"106":1,"107":1,"108":1,"109":1,"110":1,"112":1,"113":0,"114":0,"115":0,"116":0,"119":1,"125":1,"126":1,"127":1,"129":1,"130":1,"131":1,"132":1,"134":1,"135":1},"branchMap":{"0":{"type":"branch","line":21,"loc":{"start":{"line":21,"column":2},"end":{"line":43,"column":3}},"locations":[{"start":{"line":21,"column":2},"end":{"line":43,"column":3}}]},"1":{"type":"branch","line":35,"loc":{"start":{"line":35,"column":22},"end":{"line":40,"column":5}},"locations":[{"start":{"line":35,"column":22},"end":{"line":40,"column":5}}]},"2":{"type":"branch","line":39,"loc":{"start":{"line":39,"column":32},"end":{"line":39,"column":68}},"locations":[{"start":{"line":39,"column":32},"end":{"line":39,"column":68}}]},"3":{"type":"branch","line":40,"loc":{"start":{"line":40,"column":4},"end":{"line":42,"column":27}},"locations":[{"start":{"line":40,"column":4},"end":{"line":42,"column":27}}]},"4":{"type":"branch","line":82,"loc":{"start":{"line":82,"column":2},"end":{"line":84,"column":3}},"locations":[{"start":{"line":82,"column":2},"end":{"line":84,"column":3}}]},"5":{"type":"branch","line":86,"loc":{"start":{"line":86,"column":2},"end":{"line":91,"column":3}},"locations":[{"start":{"line":86,"column":2},"end":{"line":91,"column":3}}]},"6":{"type":"branch","line":103,"loc":{"start":{"line":103,"column":2},"end":{"line":111,"column":3}},"locations":[{"start":{"line":103,"column":2},"end":{"line":111,"column":3}}]},"7":{"type":"branch","line":120,"loc":{"start":{"line":120,"column":2},"end":{"line":128,"column":3}},"locations":[{"start":{"line":120,"column":2},"end":{"line":128,"column":3}}]},"8":{"type":"branch","line":130,"loc":{"start":{"line":130,"column":2},"end":{"line":132,"column":3}},"locations":[{"start":{"line":130,"column":2},"end":{"line":132,"column":3}}]}},"b":{"0":[3],"1":[1],"2":[0],"3":[2],"4":[1],"5":[1],"6":[1],"7":[1],"8":[1]},"fnMap":{"0":{"name":"request","decl":{"start":{"line":21,"column":2},"end":{"line":43,"column":3}},"loc":{"start":{"line":21,"column":2},"end":{"line":43,"column":3}},"line":21},"1":{"name":"uploadVideo","decl":{"start":{"line":45,"column":2},"end":{"line":64,"column":3}},"loc":{"start":{"line":45,"column":2},"end":{"line":64,"column":3}},"line":45},"2":{"name":"getVideoStatus","decl":{"start":{"line":66,"column":2},"end":{"line":70,"column":3}},"loc":{"start":{"line":66,"column":2},"end":{"line":70,"column":3}},"line":66},"3":{"name":"startTranscription","decl":{"start":{"line":72,"column":2},"end":{"line":80,"column":3}},"loc":{"start":{"line":72,"column":2},"end":{"line":80,"column":3}},"line":72},"4":{"name":"getTranscription","decl":{"start":{"line":82,"column":2},"end":{"line":84,"column":3}},"loc":{"start":{"line":82,"column":2},"end":{"line":84,"column":3}},"line":82},"5":{"name":"navigateToTimestamp","decl":{"start":{"line":86,"column":2},"end":{"line":91,"column":3}},"loc":{"start":{"line":86,"column":2},"end":{"line":91,"column":3}},"line":86},"6":{"name":"navigateToPhrase","decl":{"start":{"line":93,"column":2},"end":{"line":101,"column":3}},"loc":{"start":{"line":93,"column":2},"end":{"line":101,"column":3}},"line":93},"7":{"name":"generateVideo","decl":{"start":{"line":103,"column":2},"end":{"line":111,"column":3}},"loc":{"start":{"line":103,"column":2},"end":{"line":111,"column":3}},"line":103},"8":{"name":"getGenerationStatus","decl":{"start":{"line":113,"column":2},"end":{"line":117,"column":3}},"loc":{"start":{"line":113,"column":2},"end":{"line":117,"column":3}},"line":113},"9":{"name":"connectWebSocket","decl":{"start":{"line":120,"column":2},"end":{"line":128,"column":3}},"loc":{"start":{"line":120,"column":2},"end":{"line":128,"column":3}},"line":120},"10":{"name":"disconnectWebSocket","decl":{"start":{"line":130,"column":2},"end":{"line":132,"column":3}},"loc":{"start":{"line":130,"column":2},"end":{"line":132,"column":3}},"line":130}},"f":{"0":3,"1":0,"2":0,"3":0,"4":1,"5":1,"6":0,"7":1,"8":0,"9":1,"10":1}}
,"/Users/ujjwal.tiwari/Desktop/LINGO_PLAY/lingoPlay/src/services/wsClient.ts": {"path":"/Users/ujjwal.tiwari/Desktop/LINGO_PLAY/lingoPlay/src/services/wsClient.ts","all":false,"statementMap":{"0":{"start":{"line":1,"column":0},"end":{"line":1,"column":41}},"18":{"start":{"line":19,"column":0},"end":{"line":19,"column":23}},"19":{"start":{"line":20,"column":0},"end":{"line":20,"column":38}},"20":{"start":{"line":21,"column":0},"end":{"line":21,"column":32}},"22":{"start":{"line":23,"column":0},"end":{"line":23,"column":34}},"23":{"start":{"line":24,"column":0},"end":{"line":24,"column":31}},"24":{"start":{"line":25,"column":0},"end":{"line":25,"column":33}},"25":{"start":{"line":26,"column":0},"end":{"line":26,"column":42}},"27":{"start":{"line":28,"column":0},"end":{"line":28,"column":28}},"28":{"start":{"line":29,"column":0},"end":{"line":29,"column":41}},"29":{"start":{"line":30,"column":0},"end":{"line":30,"column":6}},"31":{"start":{"line":32,"column":0},"end":{"line":32,"column":36}},"32":{"start":{"line":33,"column":0},"end":{"line":33,"column":11}},"33":{"start":{"line":34,"column":0},"end":{"line":34,"column":65}},"34":{"start":{"line":35,"column":0},"end":{"line":35,"column":31}},"35":{"start":{"line":36,"column":0},"end":{"line":36,"column":40}},"36":{"start":{"line":37,"column":0},"end":{"line":37,"column":54}},"37":{"start":{"line":38,"column":0},"end":{"line":38,"column":55}},"38":{"start":{"line":39,"column":0},"end":{"line":39,"column":14}},"39":{"start":{"line":40,"column":0},"end":{"line":40,"column":18}},"40":{"start":{"line":41,"column":0},"end":{"line":41,"column":40}},"41":{"start":{"line":42,"column":0},"end":{"line":42,"column":54}},"42":{"start":{"line":43,"column":0},"end":{"line":43,"column":55}},"43":{"start":{"line":44,"column":0},"end":{"line":44,"column":14}},"44":{"start":{"line":45,"column":0},"end":{"line":45,"column":18}},"45":{"start":{"line":46,"column":0},"end":{"line":46,"column":37}},"46":{"start":{"line":47,"column":0},"end":{"line":47,"column":51}},"47":{"start":{"line":48,"column":0},"end":{"line":48,"column":52}},"48":{"start":{"line":49,"column":0},"end":{"line":49,"column":14}},"49":{"start":{"line":50,"column":0},"end":{"line":50,"column":18}},"50":{"start":{"line":51,"column":0},"end":{"line":51,"column":37}},"51":{"start":{"line":52,"column":0},"end":{"line":52,"column":51}},"52":{"start":{"line":53,"column":0},"end":{"line":53,"column":52}},"53":{"start":{"line":54,"column":0},"end":{"line":54,"column":14}},"54":{"start":{"line":55,"column":0},"end":{"line":55,"column":18}},"55":{"start":{"line":56,"column":0},"end":{"line":56,"column":23}},"56":{"start":{"line":57,"column":0},"end":{"line":57,"column":65}},"57":{"start":{"line":58,"column":0},"end":{"line":58,"column":18}},"58":{"start":{"line":59,"column":0},"end":{"line":59,"column":9}},"59":{"start":{"line":60,"column":0},"end":{"line":60,"column":19}},"60":{"start":{"line":61,"column":0},"end":{"line":61,"column":59}},"61":{"start":{"line":62,"column":0},"end":{"line":62,"column":7}},"62":{"start":{"line":63,"column":0},"end":{"line":63,"column":6}},"64":{"start":{"line":65,"column":0},"end":{"line":65,"column":29}},"65":{"start":{"line":66,"column":0},"end":{"line":66,"column":44}},"66":{"start":{"line":67,"column":0},"end":{"line":67,"column":6}},"68":{"start":{"line":69,"column":0},"end":{"line":69,"column":34}},"69":{"start":{"line":70,"column":0},"end":{"line":70,"column":47}},"70":{"start":{"line":71,"column":0},"end":{"line":71,"column":6}},"71":{"start":{"line":72,"column":0},"end":{"line":72,"column":3}},"73":{"start":{"line":74,"column":0},"end":{"line":74,"column":16}},"74":{"start":{"line":75,"column":0},"end":{"line":75,"column":18}},"75":{"start":{"line":76,"column":0},"end":{"line":76,"column":22}},"76":{"start":{"line":77,"column":0},"end":{"line":77,"column":21}},"77":{"start":{"line":78,"column":0},"end":{"line":78,"column":5}},"78":{"start":{"line":79,"column":0},"end":{"line":79,"column":3}},"79":{"start":{"line":80,"column":0},"end":{"line":80,"column":1}},"81":{"start":{"line":82,"column":0},"end":{"line":82,"column":39}},"82":{"start":{"line":83,"column":0},"end":{"line":83,"column":24}}},"s":{"0":1,"18":1,"19":4,"20":4,"22":4,"23":1,"24":1,"25":1,"27":1,"28":0,"29":0,"31":1,"32":5,"33":5,"34":5,"35":5,"36":1,"37":1,"38":1,"39":1,"40":5,"41":1,"42":1,"43":1,"44":1,"45":5,"46":1,"47":1,"48":1,"49":1,"50":5,"51":1,"52":1,"53":1,"54":1,"55":5,"56":1,"57":1,"58":5,"59":5,"60":0,"61":0,"62":5,"64":1,"65":1,"66":1,"68":1,"69":0,"70":0,"71":1,"73":4,"74":2,"75":1,"76":1,"77":1,"78":2,"79":4,"81":1,"82":1},"branchMap":{"0":{"type":"branch","line":19,"loc":{"start":{"line":19,"column":22},"end":{"line":80,"column":1}},"locations":[{"start":{"line":19,"column":22},"end":{"line":80,"column":1}}]},"1":{"type":"branch","line":23,"loc":{"start":{"line":23,"column":2},"end":{"line":72,"column":3}},"locations":[{"start":{"line":23,"column":2},"end":{"line":72,"column":3}}]},"2":{"type":"branch","line":25,"loc":{"start":{"line":25,"column":17},"end":{"line":25,"column":33}},"locations":[{"start":{"line":25,"column":17},"end":{"line":25,"column":33}}]},"3":{"type":"branch","line":32,"loc":{"start":{"line":32,"column":24},"end":{"line":63,"column":6}},"locations":[{"start":{"line":32,"column":24},"end":{"line":63,"column":6}}]},"4":{"type":"branch","line":36,"loc":{"start":{"line":36,"column":10},"end":{"line":40,"column":18}},"locations":[{"start":{"line":36,"column":10},"end":{"line":40,"column":18}}]},"5":{"type":"branch","line":41,"loc":{"start":{"line":41,"column":10},"end":{"line":45,"column":18}},"locations":[{"start":{"line":41,"column":10},"end":{"line":45,"column":18}}]},"6":{"type":"branch","line":46,"loc":{"start":{"line":46,"column":10},"end":{"line":50,"column":18}},"locations":[{"start":{"line":46,"column":10},"end":{"line":50,"column":18}}]},"7":{"type":"branch","line":51,"loc":{"start":{"line":51,"column":10},"end":{"line":55,"column":18}},"locations":[{"start":{"line":51,"column":10},"end":{"line":55,"column":18}}]},"8":{"type":"branch","line":56,"loc":{"start":{"line":56,"column":10},"end":{"line":58,"column":18}},"locations":[{"start":{"line":56,"column":10},"end":{"line":58,"column":18}}]},"9":{"type":"branch","line":60,"loc":{"start":{"line":60,"column":6},"end":{"line":62,"column":7}},"locations":[{"start":{"line":60,"column":6},"end":{"line":62,"column":7}}]},"10":{"type":"branch","line":65,"loc":{"start":{"line":65,"column":22},"end":{"line":67,"column":6}},"locations":[{"start":{"line":65,"column":22},"end":{"line":67,"column":6}}]},"11":{"type":"branch","line":74,"loc":{"start":{"line":74,"column":2},"end":{"line":79,"column":3}},"locations":[{"start":{"line":74,"column":2},"end":{"line":79,"column":3}}]},"12":{"type":"branch","line":75,"loc":{"start":{"line":75,"column":17},"end":{"line":78,"column":5}},"locations":[{"start":{"line":75,"column":17},"end":{"line":78,"column":5}}]}},"b":{"0":[4],"1":[1],"2":[0],"3":[5],"4":[1],"5":[1],"6":[1],"7":[1],"8":[1],"9":[0],"10":[1],"11":[2],"12":[1]},"fnMap":{"0":{"name":"<instance_members_initializer>","decl":{"start":{"line":19,"column":22},"end":{"line":80,"column":1}},"loc":{"start":{"line":19,"column":22},"end":{"line":80,"column":1}},"line":19},"1":{"name":"connect","decl":{"start":{"line":23,"column":2},"end":{"line":72,"column":3}},"loc":{"start":{"line":23,"column":2},"end":{"line":72,"column":3}},"line":23},"2":{"name":"ws.onopen","decl":{"start":{"line":28,"column":21},"end":{"line":30,"column":6}},"loc":{"start":{"line":28,"column":21},"end":{"line":30,"column":6}},"line":28},"3":{"name":"ws.onmessage","decl":{"start":{"line":32,"column":24},"end":{"line":63,"column":6}},"loc":{"start":{"line":32,"column":24},"end":{"line":63,"column":6}},"line":32},"4":{"name":"ws.onclose","decl":{"start":{"line":65,"column":22},"end":{"line":67,"column":6}},"loc":{"start":{"line":65,"column":22},"end":{"line":67,"column":6}},"line":65},"5":{"name":"ws.onerror","decl":{"start":{"line":69,"column":22},"end":{"line":71,"column":6}},"loc":{"start":{"line":69,"column":22},"end":{"line":71,"column":6}},"line":69},"6":{"name":"disconnect","decl":{"start":{"line":74,"column":2},"end":{"line":79,"column":3}},"loc":{"start":{"line":74,"column":2},"end":{"line":79,"column":3}},"line":74}},"f":{"0":4,"1":1,"2":0,"3":5,"4":1,"5":0,"6":2}}
,"/Users/ujjwal.tiwari/Desktop/LINGO_PLAY/lingoPlay/src/types/api.ts": {"path":"/Users/ujjwal.tiwari/Desktop/LINGO_PLAY/lingoPlay/src/types/api.ts","all":true,"statementMap":{},"s":{},"branchMap":{"0":{"type":"branch","line":1,"loc":{"start":{"line":1,"column":1915},"end":{"line":99,"column":1}},"locations":[{"start":{"line":1,"column":1915},"end":{"line":99,"column":1}}]}},"b":{"0":[1]},"fnMap":{"0":{"name":"(empty-report)","decl":{"start":{"line":1,"column":1915},"end":{"line":99,"column":1}},"loc":{"start":{"line":1,"column":1915},"end":{"line":99,"column":1}},"line":1}},"f":{"0":1}}
,"/Users/ujjwal.tiwari/Desktop/LINGO_PLAY/lingoPlay/src/utils/config.ts": {"path":"/Users/ujjwal.tiwari/Desktop/LINGO_PLAY/lingoPlay/src/utils/config.ts","all":false,"statementMap":{"2":{"start":{"line":3,"column":0},"end":{"line":3,"column":96}},"3":{"start":{"line":4,"column":0},"end":{"line":4,"column":78}},"5":{"start":{"line":6,"column":0},"end":{"line":6,"column":23}},"6":{"start":{"line":7,"column":0},"end":{"line":7,"column":27}},"7":{"start":{"line":8,"column":0},"end":{"line":8,"column":16}},"8":{"start":{"line":9,"column":0},"end":{"line":9,"column":2}},"10":{"start":{"line":11,"column":0},"end":{"line":11,"column":22}}},"s":{"2":1,"3":1,"5":1,"6":1,"7":1,"8":1,"10":1},"branchMap":{},"b":{},"fnMap":{},"f":{}}
,"/Users/ujjwal.tiwari/Desktop/LINGO_PLAY/lingoPlay/src/utils/time.ts": {"path":"/Users/ujjwal.tiwari/Desktop/LINGO_PLAY/lingoPlay/src/utils/time.ts","all":false,"statementMap":{"0":{"start":{"line":1,"column":0},"end":{"line":1,"column":60}},"1":{"start":{"line":2,"column":0},"end":{"line":2,"column":65}},"2":{"start":{"line":3,"column":0},"end":{"line":3,"column":48}},"3":{"start":{"line":4,"column":0},"end":{"line":4,"column":36}},"4":{"start":{"line":5,"column":0},"end":{"line":5,"column":61}},"5":{"start":{"line":6,"column":0},"end":{"line":6,"column":2}}},"s":{"0":1,"1":16,"2":16,"3":16,"4":16,"5":16},"branchMap":{"0":{"type":"branch","line":1,"loc":{"start":{"line":1,"column":26},"end":{"line":6,"column":2}},"locations":[{"start":{"line":1,"column":26},"end":{"line":6,"column":2}}]},"1":{"type":"branch","line":2,"loc":{"start":{"line":2,"column":46},"end":{"line":2,"column":62}},"locations":[{"start":{"line":2,"column":46},"end":{"line":2,"column":62}}]}},"b":{"0":[16],"1":[10]},"fnMap":{"0":{"name":"formatTime","decl":{"start":{"line":1,"column":26},"end":{"line":6,"column":2}},"loc":{"start":{"line":1,"column":26},"end":{"line":6,"column":2}},"line":1}},"f":{"0":16}}
}
